#
# There is insufficient memory for the Java Runtime Environment to continue.
# Native memory allocation (malloc) failed to allocate 203648 bytes for Chunk::new
# Possible reasons:
#   The system is out of physical RAM or swap space
#   The process is running with CompressedOops enabled, and the Java Heap may be blocking the growth of the native heap
# Possible solutions:
#   Reduce memory load on the system
#   Increase physical memory or swap space
#   Check if swap backing store is full
#   Decrease Java heap size (-Xmx/-Xms)
#   Decrease number of Java threads
#   Decrease Java thread stack sizes (-Xss)
#   Set larger code cache with -XX:ReservedCodeCacheSize=
#   JVM is running with Unscaled Compressed Oops mode in which the Java heap is
#     placed in the first 4GB address space. The Java Heap base address is the
#     maximum limit for the native heap growth. Please use -XX:HeapBaseMinAddress
#     to set the Java Heap base and to place the Java Heap above 4GB virtual address.
# This output file may be truncated or incomplete.
#
#  Out of Memory Error (arena.cpp:189), pid=14908, tid=20372
#
# JRE version: OpenJDK Runtime Environment Temurin-17.0.7+7 (17.0.7+7) (build 17.0.7+7)
# Java VM: OpenJDK 64-Bit Server VM Temurin-17.0.7+7 (17.0.7+7, mixed mode, tiered, compressed oops, compressed class ptrs, parallel gc, windows-amd64)
# No core dump will be written. Minidumps are not enabled by default on client versions of Windows
#

---------------  S U M M A R Y ------------

Command Line: --add-modules=ALL-SYSTEM --add-opens=java.base/java.util=ALL-UNNAMED --add-opens=java.base/java.lang=ALL-UNNAMED --add-opens=java.base/sun.nio.fs=ALL-UNNAMED -Declipse.application=org.eclipse.jdt.ls.core.id1 -Dosgi.bundles.defaultStartLevel=4 -Declipse.product=org.eclipse.jdt.ls.core.product -Djava.import.generatesMetadataFilesAtProjectRoot=false -Dfile.encoding=utf8 -XX:+UseParallelGC -XX:GCTimeRatio=4 -XX:AdaptiveSizePolicyWeight=90 -Dsun.zip.disableMemoryMapping=true -Xmx1G -Xms100m -Xlog:disable -javaagent:c:\Users\MSI\.vscode\extensions\redhat.java-1.18.0-win32-x64\lombok\lombok-1.18.27.jar c:\Users\MSI\.vscode\extensions\redhat.java-1.18.0-win32-x64\server\plugins\org.eclipse.equinox.launcher_1.6.400.v20210924-0641.jar -configuration c:\Users\MSI\AppData\Roaming\Code\User\globalStorage\redhat.java\1.18.0\config_ss_win -data c:\Users\MSI\AppData\Roaming\Code\User\workspaceStorage\47fe837146d984642ddc4ce788c43c99\redhat.java\ss_ws

Host: Intel(R) Core(TM) i5-6300HQ CPU @ 2.30GHz, 4 cores, 7G,  Windows 10 , 64 bit Build 19041 (10.0.19041.2913)
Time: Sun May 21 14:33:38 2023 GMT Summer Time elapsed time: 2.916843 seconds (0d 0h 0m 2s)

---------------  T H R E A D  ---------------

Current thread (0x000002182ee2c020):  JavaThread "C2 CompilerThread0" daemon [_thread_in_native, id=20372, stack(0x0000005564500000,0x0000005564600000)]


Current CompileTask:
C2:   2916 1713       4       java.io.DataInputStream::readInt (72 bytes)

Stack: [0x0000005564500000,0x0000005564600000]
Native frames: (J=compiled Java code, j=interpreted, Vv=VM code, C=native code)
V  [jvm.dll+0x67754a]
V  [jvm.dll+0x834304]
V  [jvm.dll+0x835aae]
V  [jvm.dll+0x836113]
V  [jvm.dll+0x24696f]
V  [jvm.dll+0xac0ac]
V  [jvm.dll+0xac67c]
V  [jvm.dll+0x364e37]
V  [jvm.dll+0x32f6b1]
V  [jvm.dll+0x32eb5a]
V  [jvm.dll+0x219641]
V  [jvm.dll+0x218a61]
V  [jvm.dll+0x1a4d8d]
V  [jvm.dll+0x2284da]
V  [jvm.dll+0x226615]
V  [jvm.dll+0x7ea90b]
V  [jvm.dll+0x7e4e7a]
V  [jvm.dll+0x676395]
C  [ucrtbase.dll+0x21bb2]
C  [KERNEL32.DLL+0x17614]
C  [ntdll.dll+0x526a1]


---------------  P R O C E S S  ---------------

Threads class SMR info:
_java_thread_list=0x0000021834ac3ad0, length=17, elements={
0x000002181afceed0, 0x000002182ede7750, 0x000002182ede84d0, 0x000002182edfafb0,
0x000002182edfbd30, 0x000002182edfcab0, 0x000002182ee29420, 0x000002182ee2c020,
0x000002182ee5d830, 0x000002182ee5e4e0, 0x000002182edd0a30, 0x00000218342eebe0,
0x0000021834a46750, 0x000002183491ffc0, 0x0000021834a7c670, 0x0000021834a923a0,
0x00000218349c5030
}

Java Threads: ( => current thread )
  0x000002181afceed0 JavaThread "main" [_thread_blocked, id=12832, stack(0x0000005563c00000,0x0000005563d00000)]
  0x000002182ede7750 JavaThread "Reference Handler" daemon [_thread_blocked, id=4624, stack(0x0000005563f00000,0x0000005564000000)]
  0x000002182ede84d0 JavaThread "Finalizer" daemon [_thread_blocked, id=7052, stack(0x0000005564000000,0x0000005564100000)]
  0x000002182edfafb0 JavaThread "Signal Dispatcher" daemon [_thread_blocked, id=17728, stack(0x0000005564100000,0x0000005564200000)]
  0x000002182edfbd30 JavaThread "Attach Listener" daemon [_thread_blocked, id=19316, stack(0x0000005564200000,0x0000005564300000)]
  0x000002182edfcab0 JavaThread "Service Thread" daemon [_thread_blocked, id=5456, stack(0x0000005564300000,0x0000005564400000)]
  0x000002182ee29420 JavaThread "Monitor Deflation Thread" daemon [_thread_blocked, id=8052, stack(0x0000005564400000,0x0000005564500000)]
=>0x000002182ee2c020 JavaThread "C2 CompilerThread0" daemon [_thread_in_native, id=20372, stack(0x0000005564500000,0x0000005564600000)]
  0x000002182ee5d830 JavaThread "C1 CompilerThread0" daemon [_thread_in_native, id=388, stack(0x0000005564600000,0x0000005564700000)]
  0x000002182ee5e4e0 JavaThread "Sweeper thread" daemon [_thread_blocked, id=19496, stack(0x0000005564700000,0x0000005564800000)]
  0x000002182edd0a30 JavaThread "Common-Cleaner" daemon [_thread_blocked, id=12240, stack(0x0000005564800000,0x0000005564900000)]
  0x00000218342eebe0 JavaThread "Notification Thread" daemon [_thread_blocked, id=20072, stack(0x0000005564900000,0x0000005564a00000)]
  0x0000021834a46750 JavaThread "Active Thread: Equinox Container: abf847ea-818e-4884-a7c6-e72739238e48" [_thread_blocked, id=14704, stack(0x0000005564f00000,0x0000005565000000)]
  0x000002183491ffc0 JavaThread "Framework Event Dispatcher: Equinox Container: abf847ea-818e-4884-a7c6-e72739238e48" daemon [_thread_blocked, id=12864, stack(0x0000005565000000,0x0000005565100000)]
  0x0000021834a7c670 JavaThread "Start Level: Equinox Container: abf847ea-818e-4884-a7c6-e72739238e48" daemon [_thread_in_Java, id=6468, stack(0x0000005565100000,0x0000005565200000)]
  0x0000021834a923a0 JavaThread "SCR Component Actor" daemon [_thread_blocked, id=17720, stack(0x0000005565200000,0x0000005565300000)]
  0x00000218349c5030 JavaThread "SCR Component Registry" daemon [_thread_blocked, id=17524, stack(0x0000005564e00000,0x0000005564f00000)]

Other Threads:
  0x000002182edd1a40 VMThread "VM Thread" [stack: 0x0000005563e00000,0x0000005563f00000] [id=1308]
  0x00000218342ef0b0 WatcherThread [stack: 0x0000005564a00000,0x0000005564b00000] [id=14252]
  0x000002181afdcba0 GCTaskThread "GC Thread#0" [stack: 0x0000005563d00000,0x0000005563e00000] [id=920]
  0x000002183465bd80 GCTaskThread "GC Thread#1" [stack: 0x0000005564b00000,0x0000005564c00000] [id=20448]
  0x00000218349e5600 GCTaskThread "GC Thread#2" [stack: 0x0000005564c00000,0x0000005564d00000] [id=2132]
  0x00000218348476e0 GCTaskThread "GC Thread#3" [stack: 0x0000005564d00000,0x0000005564e00000] [id=1460]

Threads with active compile tasks:
C2 CompilerThread0     2952 1713       4       java.io.DataInputStream::readInt (72 bytes)

VM state: not at safepoint (normal execution)

VM Mutex/Monitor currently owned by a thread: None

Heap address: 0x00000000c0000000, size: 1024 MB, Compressed Oops mode: 32-bit

CDS archive(s) not mapped
Compressed class space mapped at: 0x0000000100000000-0x0000000140000000, reserved size: 1073741824
Narrow klass base: 0x0000000000000000, Narrow klass shift: 3, Narrow klass range: 0x140000000

GC Precious Log:
 CPUs: 4 total, 4 available
 Memory: 8100M
 Large Page Support: Disabled
 NUMA Support: Disabled
 Compressed Oops: Enabled (32-bit)
 Alignments: Space 512K, Generation 512K, Heap 2M
 Heap Min Capacity: 100M
 Heap Initial Capacity: 100M
 Heap Max Capacity: 1G
 Pre-touch: Disabled
 Parallel Workers: 4

Heap:
 PSYoungGen      total 29696K, used 12297K [0x00000000eab00000, 0x00000000ecc00000, 0x0000000100000000)
  eden space 25600K, 32% used [0x00000000eab00000,0x00000000eb306d50,0x00000000ec400000)
  from space 4096K, 99% used [0x00000000ec800000,0x00000000ecbfb8a8,0x00000000ecc00000)
  to   space 4096K, 0% used [0x00000000ec400000,0x00000000ec400000,0x00000000ec800000)
 ParOldGen       total 68608K, used 838K [0x00000000c0000000, 0x00000000c4300000, 0x00000000eab00000)
  object space 68608K, 1% used [0x00000000c0000000,0x00000000c00d1b60,0x00000000c4300000)
 Metaspace       used 16846K, committed 17088K, reserved 1114112K
  class space    used 1737K, committed 1856K, reserved 1048576K

Card table byte_map: [0x000002181a980000,0x000002181ab90000] _byte_map_base: 0x000002181a380000

Marking Bits: (ParMarkBitMap*) 0x00007ff8a1f852c0
 Begin Bits: [0x000002182cc60000, 0x000002182dc60000)
 End Bits:   [0x000002182dc60000, 0x000002182ec60000)

Polling page: 0x0000021818f70000

Metaspace:

Usage:
  Non-class:     14.76 MB used.
      Class:      1.70 MB used.
       Both:     16.46 MB used.

Virtual space:
  Non-class space:       64.00 MB reserved,      14.88 MB ( 23%) committed,  1 nodes.
      Class space:        1.00 GB reserved,       1.81 MB ( <1%) committed,  1 nodes.
             Both:        1.06 GB reserved,      16.69 MB (  2%) committed. 

Chunk freelists:
   Non-Class:  1.07 MB
       Class:  14.19 MB
        Both:  15.26 MB

MaxMetaspaceSize: unlimited
CompressedClassSpaceSize: 1.00 GB
Initial GC threshold: 21.00 MB
Current GC threshold: 21.00 MB
CDS: off
MetaspaceReclaimPolicy: balanced
 - commit_granule_bytes: 65536.
 - commit_granule_words: 8192.
 - virtual_space_node_default_size: 8388608.
 - enlarge_chunks_in_place: 1.
 - new_chunks_are_fully_committed: 0.
 - uncommit_free_chunks: 1.
 - use_allocation_guard: 0.
 - handle_deallocations: 1.


Internal statistics:

num_allocs_failed_limit: 0.
num_arena_births: 100.
num_arena_deaths: 0.
num_vsnodes_births: 2.
num_vsnodes_deaths: 0.
num_space_committed: 267.
num_space_uncommitted: 0.
num_chunks_returned_to_freelist: 0.
num_chunks_taken_from_freelist: 384.
num_chunk_merges: 0.
num_chunk_splits: 262.
num_chunks_enlarged: 202.
num_inconsistent_stats: 0.

CodeHeap 'non-profiled nmethods': size=120000Kb used=681Kb max_used=681Kb free=119318Kb
 bounds [0x0000021825730000, 0x00000218259a0000, 0x000002182cc60000]
CodeHeap 'profiled nmethods': size=120000Kb used=3190Kb max_used=3190Kb free=116810Kb
 bounds [0x000002181dc60000, 0x000002181df80000, 0x0000021825190000]
CodeHeap 'non-nmethods': size=5760Kb used=1172Kb max_used=1200Kb free=4587Kb
 bounds [0x0000021825190000, 0x0000021825400000, 0x0000021825730000]
 total_blobs=2202 nmethods=1736 adapters=380
 compilation: enabled
              stopped_count=0, restarted_count=0
 full_count=0

Compilation events (20 events):
Event: 2.906 Thread 0x000002182ee5d830 nmethod 1708 0x000002181df70790 code [0x000002181df70920, 0x000002181df70ad8]
Event: 2.906 Thread 0x000002182ee5d830 1709       3       org.eclipse.osgi.internal.loader.classpath.ClasspathManager::definePackage (162 bytes)
Event: 2.907 Thread 0x000002182ee5d830 nmethod 1709 0x000002181df70b90 code [0x000002181df70e20, 0x000002181df71a58]
Event: 2.907 Thread 0x000002182ee5d830 1710   !   3       org.eclipse.osgi.internal.loader.ModuleClassLoader::publicGetPackage (18 bytes)
Event: 2.907 Thread 0x000002182ee5d830 nmethod 1710 0x000002181df72090 code [0x000002181df72240, 0x000002181df724c8]
Event: 2.907 Thread 0x000002182ee5d830 1711   !   3       org.eclipse.osgi.internal.loader.ModuleClassLoader::unlockClassName (34 bytes)
Event: 2.907 Thread 0x000002182ee5d830 nmethod 1711 0x000002181df72610 code [0x000002181df727c0, 0x000002181df72ab8]
Event: 2.908 Thread 0x000002182ee5d830 1712       3       org.eclipse.core.internal.registry.BufferedRandomInputStream::read (41 bytes)
Event: 2.908 Thread 0x000002182ee5d830 nmethod 1712 0x000002181df72c90 code [0x000002181df72e40, 0x000002181df73068]
Event: 2.908 Thread 0x000002182ee2c020 nmethod 1702 0x00000218257d8f90 code [0x00000218257d9100, 0x00000218257d92b8]
Event: 2.908 Thread 0x000002182ee2c020 1713       4       java.io.DataInputStream::readInt (72 bytes)
Event: 2.911 Thread 0x000002182ee5d830 1715       3       java.lang.invoke.DirectMethodHandle::constructorMethod (10 bytes)
Event: 2.911 Thread 0x000002182ee5d830 nmethod 1715 0x000002181df73190 code [0x000002181df73320, 0x000002181df734f8]
Event: 2.911 Thread 0x000002182ee5d830 1716       3       org.eclipse.osgi.framework.util.CaseInsensitiveDictionaryMap::findCommonKeyIndex (930 bytes)
Event: 2.913 Thread 0x000002182ee5d830 nmethod 1716 0x000002181df73610 code [0x000002181df73c20, 0x000002181df76048]
Event: 2.913 Thread 0x000002182ee5d830 1717   !   3       org.eclipse.osgi.internal.loader.BundleLoader::findImportedSource (29 bytes)
Event: 2.913 Thread 0x000002182ee5d830 nmethod 1717 0x000002181df76490 code [0x000002181df76660, 0x000002181df76a18]
Event: 2.913 Thread 0x000002182ee5d830 1718       1       org.eclipse.osgi.storage.BundleInfo::getBundleId (5 bytes)
Event: 2.914 Thread 0x000002182ee5d830 nmethod 1718 0x00000218257d9390 code [0x00000218257d9520, 0x00000218257d95f8]
Event: 2.914 Thread 0x000002182ee5d830 1719       3       org.eclipse.osgi.internal.framework.EquinoxBundle::getState (101 bytes)

GC Heap History (4 events):
Event: 1.425 GC heap before
{Heap before GC invocations=1 (full 0):
 PSYoungGen      total 29696K, used 25600K [0x00000000eab00000, 0x00000000ecc00000, 0x0000000100000000)
  eden space 25600K, 100% used [0x00000000eab00000,0x00000000ec400000,0x00000000ec400000)
  from space 4096K, 0% used [0x00000000ec800000,0x00000000ec800000,0x00000000ecc00000)
  to   space 4096K, 0% used [0x00000000ec400000,0x00000000ec400000,0x00000000ec800000)
 ParOldGen       total 68608K, used 0K [0x00000000c0000000, 0x00000000c4300000, 0x00000000eab00000)
  object space 68608K, 0% used [0x00000000c0000000,0x00000000c0000000,0x00000000c4300000)
 Metaspace       used 11223K, committed 11392K, reserved 1114112K
  class space    used 1124K, committed 1216K, reserved 1048576K
}
Event: 1.439 GC heap after
{Heap after GC invocations=1 (full 0):
 PSYoungGen      total 29696K, used 3208K [0x00000000eab00000, 0x00000000ecc00000, 0x0000000100000000)
  eden space 25600K, 0% used [0x00000000eab00000,0x00000000eab00000,0x00000000ec400000)
  from space 4096K, 78% used [0x00000000ec400000,0x00000000ec7223a8,0x00000000ec800000)
  to   space 4096K, 0% used [0x00000000ec800000,0x00000000ec800000,0x00000000ecc00000)
 ParOldGen       total 68608K, used 0K [0x00000000c0000000, 0x00000000c4300000, 0x00000000eab00000)
  object space 68608K, 0% used [0x00000000c0000000,0x00000000c0000000,0x00000000c4300000)
 Metaspace       used 11223K, committed 11392K, reserved 1114112K
  class space    used 1124K, committed 1216K, reserved 1048576K
}
Event: 2.692 GC heap before
{Heap before GC invocations=2 (full 0):
 PSYoungGen      total 29696K, used 28808K [0x00000000eab00000, 0x00000000ecc00000, 0x0000000100000000)
  eden space 25600K, 99% used [0x00000000eab00000,0x00000000ec3fffe8,0x00000000ec400000)
  from space 4096K, 78% used [0x00000000ec400000,0x00000000ec7223a8,0x00000000ec800000)
  to   space 4096K, 0% used [0x00000000ec800000,0x00000000ec800000,0x00000000ecc00000)
 ParOldGen       total 68608K, used 0K [0x00000000c0000000, 0x00000000c4300000, 0x00000000eab00000)
  object space 68608K, 0% used [0x00000000c0000000,0x00000000c0000000,0x00000000c4300000)
 Metaspace       used 15420K, committed 15680K, reserved 1114112K
  class space    used 1578K, committed 1728K, reserved 1048576K
}
Event: 2.700 GC heap after
{Heap after GC invocations=2 (full 0):
 PSYoungGen      total 29696K, used 4078K [0x00000000eab00000, 0x00000000ecc00000, 0x0000000100000000)
  eden space 25600K, 0% used [0x00000000eab00000,0x00000000eab00000,0x00000000ec400000)
  from space 4096K, 99% used [0x00000000ec800000,0x00000000ecbfb8a8,0x00000000ecc00000)
  to   space 4096K, 0% used [0x00000000ec400000,0x00000000ec400000,0x00000000ec800000)
 ParOldGen       total 68608K, used 838K [0x00000000c0000000, 0x00000000c4300000, 0x00000000eab00000)
  object space 68608K, 1% used [0x00000000c0000000,0x00000000c00d1b60,0x00000000c4300000)
 Metaspace       used 15420K, committed 15680K, reserved 1114112K
  class space    used 1578K, committed 1728K, reserved 1048576K
}

Dll operation events (9 events):
Event: 0.010 Loaded shared library c:\Users\MSI\.vscode\extensions\redhat.java-1.18.0-win32-x64\jre\17.0.7-win32-x86_64\bin\java.dll
Event: 0.292 Loaded shared library c:\Users\MSI\.vscode\extensions\redhat.java-1.18.0-win32-x64\jre\17.0.7-win32-x86_64\bin\zip.dll
Event: 0.299 Loaded shared library C:\Users\MSI\.vscode\extensions\redhat.java-1.18.0-win32-x64\jre\17.0.7-win32-x86_64\bin\instrument.dll
Event: 0.320 Loaded shared library C:\Users\MSI\.vscode\extensions\redhat.java-1.18.0-win32-x64\jre\17.0.7-win32-x86_64\bin\net.dll
Event: 0.323 Loaded shared library C:\Users\MSI\.vscode\extensions\redhat.java-1.18.0-win32-x64\jre\17.0.7-win32-x86_64\bin\nio.dll
Event: 0.337 Loaded shared library C:\Users\MSI\.vscode\extensions\redhat.java-1.18.0-win32-x64\jre\17.0.7-win32-x86_64\bin\zip.dll
Event: 0.364 Loaded shared library C:\Users\MSI\.vscode\extensions\redhat.java-1.18.0-win32-x64\jre\17.0.7-win32-x86_64\bin\jimage.dll
Event: 0.443 Loaded shared library c:\Users\MSI\.vscode\extensions\redhat.java-1.18.0-win32-x64\jre\17.0.7-win32-x86_64\bin\verify.dll
Event: 2.351 Loaded shared library C:\Users\MSI\AppData\Roaming\Code\User\globalStorage\redhat.java\1.18.0\config_ss_win\org.eclipse.equinox.launcher\org.eclipse.equinox.launcher.win32.win32.x86_64_1.2.700.v20221108-1024\eclipse_11801.dll

Deoptimization events (20 events):
Event: 2.785 Thread 0x0000021834a7c670 Uncommon trap: trap_request=0xffffff45 fr.pc=0x00000218257c1f9c relative=0x0000000000000ffc
Event: 2.785 Thread 0x0000021834a7c670 Uncommon trap: reason=unstable_if action=reinterpret pc=0x00000218257c1f9c method=java.io.WinNTFileSystem.normalize(Ljava/lang/String;II)Ljava/lang/String; @ 100 c2
Event: 2.785 Thread 0x0000021834a7c670 DEOPT PACKING pc=0x00000218257c1f9c sp=0x00000055651f9070
Event: 2.785 Thread 0x0000021834a7c670 DEOPT UNPACKING pc=0x00000218251e66a3 sp=0x00000055651f9078 mode 2
Event: 2.905 Thread 0x0000021834a7c670 Uncommon trap: trap_request=0xffffffde fr.pc=0x000002182578d85c relative=0x00000000000009dc
Event: 2.905 Thread 0x0000021834a7c670 Uncommon trap: reason=class_check action=maybe_recompile pc=0x000002182578d85c method=java.io.DataInputStream.readInt()I @ 4 c2
Event: 2.905 Thread 0x0000021834a7c670 DEOPT PACKING pc=0x000002182578d85c sp=0x00000055651fb960
Event: 2.905 Thread 0x0000021834a7c670 DEOPT UNPACKING pc=0x00000218251e66a3 sp=0x00000055651fb920 mode 2
Event: 2.905 Thread 0x0000021834a7c670 Uncommon trap: trap_request=0xffffffde fr.pc=0x000002182578d85c relative=0x00000000000009dc
Event: 2.905 Thread 0x0000021834a7c670 Uncommon trap: reason=class_check action=maybe_recompile pc=0x000002182578d85c method=java.io.DataInputStream.readInt()I @ 4 c2
Event: 2.905 Thread 0x0000021834a7c670 DEOPT PACKING pc=0x000002182578d85c sp=0x00000055651fb8e0
Event: 2.905 Thread 0x0000021834a7c670 DEOPT UNPACKING pc=0x00000218251e66a3 sp=0x00000055651fb8a0 mode 2
Event: 2.905 Thread 0x0000021834a7c670 Uncommon trap: trap_request=0xffffffde fr.pc=0x000002182578d85c relative=0x00000000000009dc
Event: 2.905 Thread 0x0000021834a7c670 Uncommon trap: reason=class_check action=maybe_recompile pc=0x000002182578d85c method=java.io.DataInputStream.readInt()I @ 4 c2
Event: 2.905 Thread 0x0000021834a7c670 DEOPT PACKING pc=0x000002182578d85c sp=0x00000055651fb8d0
Event: 2.905 Thread 0x0000021834a7c670 DEOPT UNPACKING pc=0x00000218251e66a3 sp=0x00000055651fb890 mode 2
Event: 2.905 Thread 0x0000021834a7c670 Uncommon trap: trap_request=0xffffffde fr.pc=0x000002182578d85c relative=0x00000000000009dc
Event: 2.905 Thread 0x0000021834a7c670 Uncommon trap: reason=class_check action=maybe_recompile pc=0x000002182578d85c method=java.io.DataInputStream.readInt()I @ 4 c2
Event: 2.905 Thread 0x0000021834a7c670 DEOPT PACKING pc=0x000002182578d85c sp=0x00000055651fb8d0
Event: 2.905 Thread 0x0000021834a7c670 DEOPT UNPACKING pc=0x00000218251e66a3 sp=0x00000055651fb890 mode 2

Classes unloaded (0 events):
No events

Classes redefined (0 events):
No events

Internal exceptions (20 events):
Event: 1.175 Thread 0x000002181afceed0 Exception <a 'java/lang/ClassNotFoundException'{0x00000000ebff4e78}: sun/net/www/protocol/c/Handler> (0x00000000ebff4e78) 
thrown [s\src\hotspot\share\classfile\systemDictionary.cpp, line 256]
Event: 1.175 Thread 0x000002181afceed0 Exception <a 'java/lang/ClassNotFoundException'{0x00000000ebff6068}: sun/net/www/protocol/c/Handler> (0x00000000ebff6068) 
thrown [s\src\hotspot\share\classfile\systemDictionary.cpp, line 256]
Event: 1.188 Thread 0x000002181afceed0 Exception <a 'java/io/FileNotFoundException'{0x00000000ec014d18}> (0x00000000ec014d18) 
thrown [s\src\hotspot\share\prims\jni.cpp, line 516]
Event: 1.258 Thread 0x000002181afceed0 Implicit null exception at 0x0000021825768540 to 0x0000021825768e94
Event: 1.258 Thread 0x000002181afceed0 Implicit null exception at 0x0000021825778eec to 0x00000218257790d4
Event: 1.258 Thread 0x000002181afceed0 Implicit null exception at 0x000002182576c40c to 0x000002182576c658
Event: 1.258 Thread 0x000002181afceed0 Implicit null exception at 0x000002182576ac0f to 0x000002182576ac89
Event: 1.358 Thread 0x000002181afceed0 Exception <a 'java/lang/NoSuchMethodError'{0x00000000ec2de818}: 'int java.lang.invoke.DirectMethodHandle$Holder.invokeStaticInit(java.lang.Object, java.lang.Object, java.lang.Object, java.lang.Object)'> (0x00000000ec2de818) 
thrown [s\src\hotspot\share\interpreter\linkResolver.cpp, line 759]
Event: 1.360 Thread 0x000002181afceed0 Exception <a 'java/lang/NoSuchMethodError'{0x00000000ec2e8e88}: 'java.lang.Object java.lang.invoke.DirectMethodHandle$Holder.invokeInterface(java.lang.Object, java.lang.Object)'> (0x00000000ec2e8e88) 
thrown [s\src\hotspot\share\interpreter\linkResolver.cpp, line 759]
Event: 1.362 Thread 0x000002181afceed0 Exception <a 'java/lang/IncompatibleClassChangeError'{0x00000000ec2ec680}: Found class java.lang.Object, but interface was expected> (0x00000000ec2ec680) 
thrown [s\src\hotspot\share\interpreter\linkResolver.cpp, line 826]
Event: 1.364 Thread 0x000002181afceed0 Exception <a 'java/lang/NoSuchMethodError'{0x00000000ec2f0b78}: 'void java.lang.invoke.DirectMethodHandle$Holder.invokeStatic(java.lang.Object, java.lang.Object)'> (0x00000000ec2f0b78) 
thrown [s\src\hotspot\share\interpreter\linkResolver.cpp, line 759]
Event: 1.368 Thread 0x000002181afceed0 Exception <a 'java/lang/NoSuchMethodError'{0x00000000ec2f4378}: 'void java.lang.invoke.DirectMethodHandle$Holder.invokeStaticInit(java.lang.Object, java.lang.Object)'> (0x00000000ec2f4378) 
thrown [s\src\hotspot\share\interpreter\linkResolver.cpp, line 759]
Event: 1.370 Thread 0x000002181afceed0 Exception <a 'java/lang/NoSuchMethodError'{0x00000000ec2fb770}: 'int java.lang.invoke.DirectMethodHandle$Holder.invokeStaticInit(java.lang.Object, java.lang.Object)'> (0x00000000ec2fb770) 
thrown [s\src\hotspot\share\interpreter\linkResolver.cpp, line 759]
Event: 1.443 Thread 0x000002181afceed0 Exception <a 'java/lang/NoSuchMethodError'{0x00000000eab21070}: 'void java.lang.invoke.DirectMethodHandle$Holder.invokeSpecial(java.lang.Object, java.lang.Object, java.lang.Object)'> (0x00000000eab21070) 
thrown [s\src\hotspot\share\interpreter\linkResolver.cpp, line 759]
Event: 1.938 Thread 0x000002181afceed0 Exception <a 'java/lang/NoSuchMethodError'{0x00000000eb718f08}: 'java.lang.Object java.lang.invoke.DirectMethodHandle$Holder.newInvokeSpecial(java.lang.Object, int, java.lang.Object)'> (0x00000000eb718f08) 
thrown [s\src\hotspot\share\interpreter\linkResolver.cpp, line 759]
Event: 2.347 Thread 0x000002181afceed0 Exception <a 'java/lang/UnsatisfiedLinkError'{0x00000000ebc489d0}: 'void org.eclipse.equinox.launcher.JNIBridge._update_splash()'> (0x00000000ebc489d0) 
thrown [s\src\hotspot\share\prims\nativeLookup.cpp, line 543]
Event: 2.447 Thread 0x0000021834a7c670 Exception <a 'java/lang/NoSuchMethodError'{0x00000000ebf01b70}: 'java.lang.Object java.lang.invoke.DirectMethodHandle$Holder.invokeStaticInit(java.lang.Object)'> (0x00000000ebf01b70) 
thrown [s\src\hotspot\share\interpreter\linkResolver.cpp, line 759]
Event: 2.901 Thread 0x0000021834a7c670 Exception <a 'java/io/FileNotFoundException'{0x00000000eb1f93d0}> (0x00000000eb1f93d0) 
thrown [s\src\hotspot\share\prims\jni.cpp, line 516]
Event: 2.913 Thread 0x0000021834a7c670 Exception <a 'java/lang/NullPointerException'{0x00000000eb24b4a0}> (0x00000000eb24b4a0) 
thrown [s\src\hotspot\share\interpreter\linkResolver.cpp, line 1350]
Event: 2.913 Thread 0x0000021834a7c670 Exception <a 'java/lang/NullPointerException'{0x00000000eb24bcc8}> (0x00000000eb24bcc8) 
thrown [s\src\hotspot\share\interpreter\linkResolver.cpp, line 1350]

VM Operations (20 events):
Event: 1.155 Executing VM operation: HandshakeAllThreads
Event: 1.155 Executing VM operation: HandshakeAllThreads done
Event: 1.155 Executing VM operation: Cleanup
Event: 1.155 Executing VM operation: Cleanup done
Event: 1.425 Executing VM operation: ParallelGCFailedAllocation
Event: 1.439 Executing VM operation: ParallelGCFailedAllocation done
Event: 1.857 Executing VM operation: HandshakeAllThreads
Event: 1.879 Executing VM operation: HandshakeAllThreads done
Event: 1.884 Executing VM operation: HandshakeAllThreads
Event: 1.884 Executing VM operation: HandshakeAllThreads done
Event: 1.904 Executing VM operation: HandshakeAllThreads
Event: 1.904 Executing VM operation: HandshakeAllThreads done
Event: 1.925 Executing VM operation: HandshakeAllThreads
Event: 1.925 Executing VM operation: HandshakeAllThreads done
Event: 2.520 Executing VM operation: HandshakeAllThreads
Event: 2.520 Executing VM operation: HandshakeAllThreads done
Event: 2.520 Executing VM operation: Cleanup
Event: 2.520 Executing VM operation: Cleanup done
Event: 2.692 Executing VM operation: ParallelGCFailedAllocation
Event: 2.700 Executing VM operation: ParallelGCFailedAllocation done

Events (20 events):
Event: 2.746 loading class java/util/concurrent/locks/ReentrantLock$FairSync
Event: 2.747 loading class java/util/concurrent/locks/ReentrantLock$FairSync done
Event: 2.748 loading class java/util/Collections$ReverseComparator
Event: 2.748 loading class java/util/Collections$ReverseComparator done
Event: 2.797 loading class javax/xml/parsers/ParserConfigurationException
Event: 2.797 loading class javax/xml/parsers/ParserConfigurationException done
Event: 2.845 loading class java/lang/CloneNotSupportedException
Event: 2.845 loading class java/lang/CloneNotSupportedException done
Event: 2.865 loading class java/util/TreeMap$Values
Event: 2.865 loading class java/util/TreeMap$Values done
Event: 2.865 loading class java/util/TreeMap$ValueIterator
Event: 2.865 loading class java/util/TreeMap$ValueIterator done
Event: 2.901 loading class java/util/function/IntFunction
Event: 2.901 loading class java/util/function/IntFunction done
Event: 2.912 loading class java/util/ImmutableCollections$Map1
Event: 2.912 loading class java/util/ImmutableCollections$Map1 done
Event: 2.913 loading class java/util/AbstractMap$1
Event: 2.913 loading class java/util/AbstractMap$1 done
Event: 2.913 loading class java/util/AbstractMap$1$1
Event: 2.913 loading class java/util/AbstractMap$1$1 done


Dynamic libraries:
0x00007ff659090000 - 0x00007ff65909e000 	c:\Users\MSI\.vscode\extensions\redhat.java-1.18.0-win32-x64\jre\17.0.7-win32-x86_64\bin\java.exe
0x00007ff910650000 - 0x00007ff910848000 	C:\Windows\SYSTEM32\ntdll.dll
0x00007ff90f090000 - 0x00007ff90f14f000 	C:\Windows\System32\KERNEL32.DLL
0x00007ff90e0f0000 - 0x00007ff90e3e6000 	C:\Windows\System32\KERNELBASE.dll
0x00007ff90dd80000 - 0x00007ff90de80000 	C:\Windows\System32\ucrtbase.dll
0x00007ff904fd0000 - 0x00007ff904fe7000 	c:\Users\MSI\.vscode\extensions\redhat.java-1.18.0-win32-x64\jre\17.0.7-win32-x86_64\bin\jli.dll
0x00007ff90f360000 - 0x00007ff90f4fd000 	C:\Windows\System32\USER32.dll
0x00007ff90deb0000 - 0x00007ff90ded2000 	C:\Windows\System32\win32u.dll
0x00007ff90f330000 - 0x00007ff90f35c000 	C:\Windows\System32\GDI32.dll
0x00007ff90e460000 - 0x00007ff90e575000 	C:\Windows\System32\gdi32full.dll
0x00007ff90e580000 - 0x00007ff90e61d000 	C:\Windows\System32\msvcp_win.dll
0x00007ff906a90000 - 0x00007ff906aa9000 	c:\Users\MSI\.vscode\extensions\redhat.java-1.18.0-win32-x64\jre\17.0.7-win32-x86_64\bin\VCRUNTIME140.dll
0x00007ff8f37c0000 - 0x00007ff8f3a5a000 	C:\Windows\WinSxS\amd64_microsoft.windows.common-controls_6595b64144ccf1df_6.0.19041.1110_none_60b5254171f9507e\COMCTL32.dll
0x00007ff90e6b0000 - 0x00007ff90e74e000 	C:\Windows\System32\msvcrt.dll
0x00007ff90ede0000 - 0x00007ff90ee10000 	C:\Windows\System32\IMM32.DLL
0x00007ff9091c0000 - 0x00007ff9091cc000 	c:\Users\MSI\.vscode\extensions\redhat.java-1.18.0-win32-x64\jre\17.0.7-win32-x86_64\bin\vcruntime140_1.dll
0x00007ff8cdd20000 - 0x00007ff8cddb1000 	c:\Users\MSI\.vscode\extensions\redhat.java-1.18.0-win32-x64\jre\17.0.7-win32-x86_64\bin\msvcp140.dll
0x00007ff8a1400000 - 0x00007ff8a2048000 	c:\Users\MSI\.vscode\extensions\redhat.java-1.18.0-win32-x64\jre\17.0.7-win32-x86_64\bin\server\jvm.dll
0x00007ff90f280000 - 0x00007ff90f32f000 	C:\Windows\System32\ADVAPI32.dll
0x00007ff9100a0000 - 0x00007ff91013c000 	C:\Windows\System32\sechost.dll
0x00007ff90f150000 - 0x00007ff90f276000 	C:\Windows\System32\RPCRT4.dll
0x00007ff8f8070000 - 0x00007ff8f8079000 	C:\Windows\SYSTEM32\WSOCK32.dll
0x00007ff90ee70000 - 0x00007ff90eedb000 	C:\Windows\System32\WS2_32.dll
0x00007ff901590000 - 0x00007ff9015b7000 	C:\Windows\SYSTEM32\WINMM.dll
0x00007ff907e30000 - 0x00007ff907e3a000 	C:\Windows\SYSTEM32\VERSION.dll
0x00007ff90bdd0000 - 0x00007ff90bde2000 	C:\Windows\SYSTEM32\kernel.appcore.dll
0x00007ff907eb0000 - 0x00007ff907eba000 	c:\Users\MSI\.vscode\extensions\redhat.java-1.18.0-win32-x64\jre\17.0.7-win32-x86_64\bin\jimage.dll
0x00007ff8f78a0000 - 0x00007ff8f7a84000 	C:\Windows\SYSTEM32\DBGHELP.DLL
0x00007ff8f69e0000 - 0x00007ff8f6a14000 	C:\Windows\SYSTEM32\dbgcore.DLL
0x00007ff90e620000 - 0x00007ff90e6a2000 	C:\Windows\System32\bcryptPrimitives.dll
0x00007ff906e60000 - 0x00007ff906e6e000 	c:\Users\MSI\.vscode\extensions\redhat.java-1.18.0-win32-x64\jre\17.0.7-win32-x86_64\bin\instrument.dll
0x00007ff8fdf20000 - 0x00007ff8fdf45000 	c:\Users\MSI\.vscode\extensions\redhat.java-1.18.0-win32-x64\jre\17.0.7-win32-x86_64\bin\java.dll
0x00007ff906b70000 - 0x00007ff906b88000 	c:\Users\MSI\.vscode\extensions\redhat.java-1.18.0-win32-x64\jre\17.0.7-win32-x86_64\bin\zip.dll
0x00007ff90f880000 - 0x00007ff90ffc4000 	C:\Windows\System32\SHELL32.dll
0x00007ff90bdf0000 - 0x00007ff90c583000 	C:\Windows\SYSTEM32\windows.storage.dll
0x00007ff90e920000 - 0x00007ff90ec74000 	C:\Windows\System32\combase.dll
0x00007ff90d790000 - 0x00007ff90d7be000 	C:\Windows\SYSTEM32\Wldp.dll
0x00007ff90f500000 - 0x00007ff90f5ad000 	C:\Windows\System32\SHCORE.dll
0x00007ff90e800000 - 0x00007ff90e855000 	C:\Windows\System32\shlwapi.dll
0x00007ff90dc70000 - 0x00007ff90dc8f000 	C:\Windows\SYSTEM32\profapi.dll
0x00007ff902850000 - 0x00007ff902869000 	C:\Users\MSI\.vscode\extensions\redhat.java-1.18.0-win32-x64\jre\17.0.7-win32-x86_64\bin\net.dll
0x00007ff9050b0000 - 0x00007ff9051ba000 	C:\Windows\SYSTEM32\WINHTTP.dll
0x00007ff90d4f0000 - 0x00007ff90d55a000 	C:\Windows\system32\mswsock.dll
0x00007ff8fdfa0000 - 0x00007ff8fdfb5000 	C:\Users\MSI\.vscode\extensions\redhat.java-1.18.0-win32-x64\jre\17.0.7-win32-x86_64\bin\nio.dll
0x00007ff906df0000 - 0x00007ff906e00000 	c:\Users\MSI\.vscode\extensions\redhat.java-1.18.0-win32-x64\jre\17.0.7-win32-x86_64\bin\verify.dll
0x00007ff8d8c50000 - 0x00007ff8d8c8e000 	C:\Users\MSI\AppData\Roaming\Code\User\globalStorage\redhat.java\1.18.0\config_ss_win\org.eclipse.equinox.launcher\org.eclipse.equinox.launcher.win32.win32.x86_64_1.2.700.v20221108-1024\eclipse_11801.dll
0x00007ff90f5b0000 - 0x00007ff90f6da000 	C:\Windows\System32\ole32.dll

dbghelp: loaded successfully - version: 4.0.5 - missing functions: none
symbol engine: initialized successfully - sym options: 0x614 - pdb path: .;c:\Users\MSI\.vscode\extensions\redhat.java-1.18.0-win32-x64\jre\17.0.7-win32-x86_64\bin;C:\Windows\SYSTEM32;C:\Windows\WinSxS\amd64_microsoft.windows.common-controls_6595b64144ccf1df_6.0.19041.1110_none_60b5254171f9507e;c:\Users\MSI\.vscode\extensions\redhat.java-1.18.0-win32-x64\jre\17.0.7-win32-x86_64\bin\server;C:\Users\MSI\AppData\Roaming\Code\User\globalStorage\redhat.java\1.18.0\config_ss_win\org.eclipse.equinox.launcher\org.eclipse.equinox.launcher.win32.win32.x86_64_1.2.700.v20221108-1024

VM Arguments:
jvm_args: --add-modules=ALL-SYSTEM --add-opens=java.base/java.util=ALL-UNNAMED --add-opens=java.base/java.lang=ALL-UNNAMED --add-opens=java.base/sun.nio.fs=ALL-UNNAMED -Declipse.application=org.eclipse.jdt.ls.core.id1 -Dosgi.bundles.defaultStartLevel=4 -Declipse.product=org.eclipse.jdt.ls.core.product -Djava.import.generatesMetadataFilesAtProjectRoot=false -Dfile.encoding=utf8 -XX:+UseParallelGC -XX:GCTimeRatio=4 -XX:AdaptiveSizePolicyWeight=90 -Dsun.zip.disableMemoryMapping=true -Xmx1G -Xms100m -Xlog:disable -javaagent:c:\Users\MSI\.vscode\extensions\redhat.java-1.18.0-win32-x64\lombok\lombok-1.18.27.jar 
java_command: c:\Users\MSI\.vscode\extensions\redhat.java-1.18.0-win32-x64\server\plugins\org.eclipse.equinox.launcher_1.6.400.v20210924-0641.jar -configuration c:\Users\MSI\AppData\Roaming\Code\User\globalStorage\redhat.java\1.18.0\config_ss_win -data c:\Users\MSI\AppData\Roaming\Code\User\workspaceStorage\47fe837146d984642ddc4ce788c43c99\redhat.java\ss_ws
java_class_path (initial): c:\Users\MSI\.vscode\extensions\redhat.java-1.18.0-win32-x64\server\plugins\org.eclipse.equinox.launcher_1.6.400.v20210924-0641.jar
Launcher Type: SUN_STANDARD

[Global flags]
    uintx AdaptiveSizePolicyWeight                 = 90                                        {product} {command line}
     intx CICompilerCount                          = 3                                         {product} {ergonomic}
    uintx GCTimeRatio                              = 4                                         {product} {command line}
   size_t InitialHeapSize                          = 104857600                                 {product} {command line}
   size_t MaxHeapSize                              = 1073741824                                {product} {command line}
   size_t MaxNewSize                               = 357564416                                 {product} {ergonomic}
   size_t MinHeapDeltaBytes                        = 524288                                    {product} {ergonomic}
   size_t MinHeapSize                              = 104857600                                 {product} {command line}
   size_t NewSize                                  = 34603008                                  {product} {ergonomic}
    uintx NonNMethodCodeHeapSize                   = 5832780                                {pd product} {ergonomic}
    uintx NonProfiledCodeHeapSize                  = 122912730                              {pd product} {ergonomic}
   size_t OldSize                                  = 70254592                                  {product} {ergonomic}
    uintx ProfiledCodeHeapSize                     = 122912730                              {pd product} {ergonomic}
    uintx ReservedCodeCacheSize                    = 251658240                              {pd product} {ergonomic}
     bool SegmentedCodeCache                       = true                                      {product} {ergonomic}
   size_t SoftMaxHeapSize                          = 1073741824                             {manageable} {ergonomic}
     bool UseCompressedClassPointers               = true                           {product lp64_product} {ergonomic}
     bool UseCompressedOops                        = true                           {product lp64_product} {ergonomic}
     bool UseLargePagesIndividualAllocation        = false                                  {pd product} {ergonomic}
     bool UseParallelGC                            = true                                      {product} {command line}

Logging:
Log output configuration:
 #0: stdout all=off uptime,level,tags
 #1: stderr all=off uptime,level,tags

Environment Variables:
JAVA_HOME=C:\Users\MSI\AppData\Local\Programs\Eclipse Adoptium\jdk-17.0.6.10-hotspot\
PATH=C:\Program Files (x86)\NVIDIA Corporation\PhysX\Common;C:\Windows\system32;C:\Windows;C:\Windows\System32\Wbem;C:\Windows\System32\WindowsPowerShell\v1.0\;C:\Windows\System32\OpenSSH\;C:\Program Files\Git\cmd;C:\Program Files\nodejs\;C:\Program Files\MySQL\MySQL Shell 8.0\bin;C:\Program Files\MySQL\MySQL Server 8.0\bin;C:\Program Files\MySQL\MySQL Shell 8.0\bin\;C:\Users\MSI\AppData\Local\Programs\Eclipse Adoptium\jdk-17.0.6.10-hotspot\bin;C:\Users\MSI\AppData\Local\Microsoft\WindowsApps;C:\Users\MSI\AppData\Local\Programs\Microsoft VS Code\bin;C:\Program Files\JetBrains\IntelliJ IDEA Community Edition 2022.3.2\bin;;C:\Users\MSI\AppData\Roaming\npm
USERNAME=MSI
OS=Windows_NT
PROCESSOR_IDENTIFIER=Intel64 Family 6 Model 94 Stepping 3, GenuineIntel
TMP=C:\Users\MSI\AppData\Local\Temp
TEMP=C:\Users\MSI\AppData\Local\Temp



---------------  S Y S T E M  ---------------

OS:
 Windows 10 , 64 bit Build 19041 (10.0.19041.2913)
OS uptime: 5 days 17:06 hours

CPU: total 4 (initial active 4) (4 cores per cpu, 1 threads per core) family 6 model 94 stepping 3 microcode 0xcc, cx8, cmov, fxsr, mmx, 3dnowpref, sse, sse2, sse3, ssse3, sse4.1, sse4.2, popcnt, lzcnt, tsc, tscinvbit, avx, avx2, aes, erms, clmul, bmi1, bmi2, rtm, adx, fma, vzeroupper, clflush, clflushopt

Memory: 4k page, system-wide physical 8100M (376M free)
TotalPageFile size 16264M (AvailPageFile size 4M)
current process WorkingSet (physical memory assigned to process): 91M, peak: 91M
current process commit charge ("private bytes"): 195M, peak: 195M

vm_info: OpenJDK 64-Bit Server VM (17.0.7+7) for windows-amd64 JRE (17.0.7+7), built on Apr 18 2023 22:10:42 by "temurin" with MS VC++ 16.7 (VS2019)

END.
