#
# There is insufficient memory for the Java Runtime Environment to continue.
# Native memory allocation (malloc) failed to allocate 524304 bytes for Chunk::new
# Possible reasons:
#   The system is out of physical RAM or swap space
#   The process is running with CompressedOops enabled, and the Java Heap may be blocking the growth of the native heap
# Possible solutions:
#   Reduce memory load on the system
#   Increase physical memory or swap space
#   Check if swap backing store is full
#   Decrease Java heap size (-Xmx/-Xms)
#   Decrease number of Java threads
#   Decrease Java thread stack sizes (-Xss)
#   Set larger code cache with -XX:ReservedCodeCacheSize=
#   JVM is running with Unscaled Compressed Oops mode in which the Java heap is
#     placed in the first 4GB address space. The Java Heap base address is the
#     maximum limit for the native heap growth. Please use -XX:HeapBaseMinAddress
#     to set the Java Heap base and to place the Java Heap above 4GB virtual address.
# This output file may be truncated or incomplete.
#
#  Out of Memory Error (arena.cpp:189), pid=15032, tid=7812
#
# JRE version: OpenJDK Runtime Environment Temurin-17.0.7+7 (17.0.7+7) (build 17.0.7+7)
# Java VM: OpenJDK 64-Bit Server VM Temurin-17.0.7+7 (17.0.7+7, mixed mode, tiered, compressed oops, compressed class ptrs, parallel gc, windows-amd64)
# No core dump will be written. Minidumps are not enabled by default on client versions of Windows
#

---------------  S U M M A R Y ------------

Command Line: --add-modules=ALL-SYSTEM --add-opens=java.base/java.util=ALL-UNNAMED --add-opens=java.base/java.lang=ALL-UNNAMED --add-opens=java.base/sun.nio.fs=ALL-UNNAMED -Declipse.application=org.eclipse.jdt.ls.core.id1 -Dosgi.bundles.defaultStartLevel=4 -Declipse.product=org.eclipse.jdt.ls.core.product -Djava.import.generatesMetadataFilesAtProjectRoot=false -Dfile.encoding=utf8 -XX:+UseParallelGC -XX:GCTimeRatio=4 -XX:AdaptiveSizePolicyWeight=90 -Dsun.zip.disableMemoryMapping=true -Xmx1G -Xms100m -Xlog:disable -javaagent:c:\Users\MSI\.vscode\extensions\redhat.java-1.18.0-win32-x64\lombok\lombok-1.18.27.jar -XX:+HeapDumpOnOutOfMemoryError -XX:HeapDumpPath=c:\Users\MSI\AppData\Roaming\Code\User\workspaceStorage\47fe837146d984642ddc4ce788c43c99\redhat.java -Daether.dependencyCollector.impl=bf c:\Users\MSI\.vscode\extensions\redhat.java-1.18.0-win32-x64\server\plugins\org.eclipse.equinox.launcher_1.6.400.v20210924-0641.jar -configuration c:\Users\MSI\AppData\Roaming\Code\User\globalStorage\redhat.java\1.18.0\config_win -data c:\Users\MSI\AppData\Roaming\Code\User\workspaceStorage\47fe837146d984642ddc4ce788c43c99\redhat.java\jdt_ws

Host: Intel(R) Core(TM) i5-6300HQ CPU @ 2.30GHz, 4 cores, 7G,  Windows 10 , 64 bit Build 19041 (10.0.19041.2913)
Time: Sun May 21 14:33:45 2023 GMT Summer Time elapsed time: 18.946593 seconds (0d 0h 0m 18s)

---------------  T H R E A D  ---------------

Current thread (0x000002437c48e680):  JavaThread "C2 CompilerThread0" daemon [_thread_in_native, id=7812, stack(0x000000f4e5c00000,0x000000f4e5d00000)]


Current CompileTask:
C2:  18946 2907       4       org.objectweb.asm.ClassReader::readMethod (1066 bytes)

Stack: [0x000000f4e5c00000,0x000000f4e5d00000]
Native frames: (J=compiled Java code, j=interpreted, Vv=VM code, C=native code)
V  [jvm.dll+0x67754a]
V  [jvm.dll+0x834304]
V  [jvm.dll+0x835aae]
V  [jvm.dll+0x836113]
V  [jvm.dll+0x24696f]
V  [jvm.dll+0xac0ac]
V  [jvm.dll+0xac67c]
V  [jvm.dll+0xac1bb]
V  [jvm.dll+0x655dd9]
V  [jvm.dll+0x7a47c]
V  [jvm.dll+0x60a2d8]
V  [jvm.dll+0x608394]
V  [jvm.dll+0x2194b8]
V  [jvm.dll+0x218a61]
V  [jvm.dll+0x1a4d8d]
V  [jvm.dll+0x2284da]
V  [jvm.dll+0x226615]
V  [jvm.dll+0x7ea90b]
V  [jvm.dll+0x7e4e7a]
V  [jvm.dll+0x676395]
C  [ucrtbase.dll+0x21bb2]
C  [KERNEL32.DLL+0x17614]
C  [ntdll.dll+0x526a1]


---------------  P R O C E S S  ---------------

Threads class SMR info:
_java_thread_list=0x000002437e82dc40, length=21, elements={
0x000002437762a580, 0x000002437c44f740, 0x000002437c452170, 0x000002437c488550,
0x000002437c4892d0, 0x000002437c48a050, 0x000002437c48da90, 0x000002437c48e680,
0x000002437d611ea0, 0x000002437d614b60, 0x000002437d6b1730, 0x000002437d9099e0,
0x000002437dc56740, 0x000002437e01bff0, 0x000002437dc4e820, 0x000002437dc23460,
0x000002437da913f0, 0x000002437de01400, 0x000002437e0aff70, 0x000002437e0afaa0,
0x000002437e8a55a0
}

Java Threads: ( => current thread )
  0x000002437762a580 JavaThread "main" [_thread_blocked, id=14588, stack(0x000000f4e5300000,0x000000f4e5400000)]
  0x000002437c44f740 JavaThread "Reference Handler" daemon [_thread_blocked, id=17916, stack(0x000000f4e5600000,0x000000f4e5700000)]
  0x000002437c452170 JavaThread "Finalizer" daemon [_thread_blocked, id=8680, stack(0x000000f4e5700000,0x000000f4e5800000)]
  0x000002437c488550 JavaThread "Signal Dispatcher" daemon [_thread_blocked, id=1960, stack(0x000000f4e5800000,0x000000f4e5900000)]
  0x000002437c4892d0 JavaThread "Attach Listener" daemon [_thread_blocked, id=400, stack(0x000000f4e5900000,0x000000f4e5a00000)]
  0x000002437c48a050 JavaThread "Service Thread" daemon [_thread_blocked, id=20280, stack(0x000000f4e5a00000,0x000000f4e5b00000)]
  0x000002437c48da90 JavaThread "Monitor Deflation Thread" daemon [_thread_blocked, id=10656, stack(0x000000f4e5b00000,0x000000f4e5c00000)]
=>0x000002437c48e680 JavaThread "C2 CompilerThread0" daemon [_thread_in_native, id=7812, stack(0x000000f4e5c00000,0x000000f4e5d00000)]
  0x000002437d611ea0 JavaThread "C1 CompilerThread0" daemon [_thread_blocked, id=720, stack(0x000000f4e5d00000,0x000000f4e5e00000)]
  0x000002437d614b60 JavaThread "Sweeper thread" daemon [_thread_blocked, id=6244, stack(0x000000f4e5e00000,0x000000f4e5f00000)]
  0x000002437d6b1730 JavaThread "Common-Cleaner" daemon [_thread_blocked, id=14376, stack(0x000000f4e5f00000,0x000000f4e6000000)]
  0x000002437d9099e0 JavaThread "Notification Thread" daemon [_thread_blocked, id=16956, stack(0x000000f4e6000000,0x000000f4e6100000)]
  0x000002437dc56740 JavaThread "Active Thread: Equinox Container: b913891d-ad0f-4f60-b6d4-12cf808cef9f" [_thread_blocked, id=16608, stack(0x000000f4e6500000,0x000000f4e6600000)]
  0x000002437e01bff0 JavaThread "Framework Event Dispatcher: Equinox Container: b913891d-ad0f-4f60-b6d4-12cf808cef9f" daemon [_thread_blocked, id=19272, stack(0x000000f4e6600000,0x000000f4e6700000)]
  0x000002437dc4e820 JavaThread "Start Level: Equinox Container: b913891d-ad0f-4f60-b6d4-12cf808cef9f" daemon [_thread_in_native, id=15100, stack(0x000000f4e6700000,0x000000f4e6800000)]
  0x000002437dc23460 JavaThread "SCR Component Actor" daemon [_thread_blocked, id=17828, stack(0x000000f4e6800000,0x000000f4e6900000)]
  0x000002437da913f0 JavaThread "SCR Component Registry" daemon [_thread_blocked, id=11752, stack(0x000000f4e6900000,0x000000f4e6a00000)]
  0x000002437de01400 JavaThread "Worker-JM" [_thread_blocked, id=7208, stack(0x000000f4e6a00000,0x000000f4e6b00000)]
  0x000002437e0aff70 JavaThread "Worker-0" [_thread_blocked, id=20156, stack(0x000000f4e6b00000,0x000000f4e6c00000)]
  0x000002437e0afaa0 JavaThread "Worker-1: Repository registry initialization" [_thread_in_Java, id=14280, stack(0x000000f4e6c00000,0x000000f4e6d00000)]
  0x000002437e8a55a0 JavaThread "C2 CompilerThread1" daemon [_thread_in_native, id=14204, stack(0x000000f4e6d00000,0x000000f4e6e00000)]

Other Threads:
  0x000002437c386000 VMThread "VM Thread" [stack: 0x000000f4e5500000,0x000000f4e5600000] [id=7464]
  0x000002437d90b600 WatcherThread [stack: 0x000000f4e6100000,0x000000f4e6200000] [id=2832]
  0x0000024377642d30 GCTaskThread "GC Thread#0" [stack: 0x000000f4e5400000,0x000000f4e5500000] [id=17300]
  0x000002437ddc4080 GCTaskThread "GC Thread#1" [stack: 0x000000f4e6200000,0x000000f4e6300000] [id=2424]
  0x000002437dec8040 GCTaskThread "GC Thread#2" [stack: 0x000000f4e6300000,0x000000f4e6400000] [id=16012]
  0x000002437dec82f0 GCTaskThread "GC Thread#3" [stack: 0x000000f4e6400000,0x000000f4e6500000] [id=10404]

Threads with active compile tasks:
C2 CompilerThread0    18991 2907       4       org.objectweb.asm.ClassReader::readMethod (1066 bytes)
C2 CompilerThread1    18991 2965   !   4       org.eclipse.osgi.storage.bundlefile.CloseableBundleFile::lockOpen (113 bytes)

VM state: not at safepoint (normal execution)

VM Mutex/Monitor currently owned by a thread: None

Heap address: 0x00000000c0000000, size: 1024 MB, Compressed Oops mode: 32-bit

CDS archive(s) not mapped
Compressed class space mapped at: 0x0000000100000000-0x0000000140000000, reserved size: 1073741824
Narrow klass base: 0x0000000000000000, Narrow klass shift: 3, Narrow klass range: 0x140000000

GC Precious Log:
 CPUs: 4 total, 4 available
 Memory: 8100M
 Large Page Support: Disabled
 NUMA Support: Disabled
 Compressed Oops: Enabled (32-bit)
 Alignments: Space 512K, Generation 512K, Heap 2M
 Heap Min Capacity: 100M
 Heap Initial Capacity: 100M
 Heap Max Capacity: 1G
 Pre-touch: Disabled
 Parallel Workers: 4

Heap:
 PSYoungGen      total 27136K, used 3777K [0x00000000eab00000, 0x00000000ec980000, 0x0000000100000000)
  eden space 24064K, 2% used [0x00000000eab00000,0x00000000eabb2258,0x00000000ec280000)
  from space 3072K, 99% used [0x00000000ec400000,0x00000000ec6fe1e0,0x00000000ec700000)
  to   space 2560K, 0% used [0x00000000ec700000,0x00000000ec700000,0x00000000ec980000)
 ParOldGen       total 68608K, used 8233K [0x00000000c0000000, 0x00000000c4300000, 0x00000000eab00000)
  object space 68608K, 12% used [0x00000000c0000000,0x00000000c080a7b0,0x00000000c4300000)
 Metaspace       used 30263K, committed 30912K, reserved 1114112K
  class space    used 2983K, committed 3264K, reserved 1048576K

Card table byte_map: [0x0000024376fe0000,0x00000243771f0000] _byte_map_base: 0x00000243769e0000

Marking Bits: (ParMarkBitMap*) 0x00007ff8a1f852c0
 Begin Bits: [0x000002437a2c0000, 0x000002437b2c0000)
 End Bits:   [0x000002437b2c0000, 0x000002437c2c0000)

Polling page: 0x0000024375560000

Metaspace:

Usage:
  Non-class:     26.64 MB used.
      Class:      2.91 MB used.
       Both:     29.55 MB used.

Virtual space:
  Non-class space:       64.00 MB reserved,      27.00 MB ( 42%) committed,  1 nodes.
      Class space:        1.00 GB reserved,       3.19 MB ( <1%) committed,  1 nodes.
             Both:        1.06 GB reserved,      30.19 MB (  3%) committed. 

Chunk freelists:
   Non-Class:  4.59 MB
       Class:  12.63 MB
        Both:  17.22 MB

MaxMetaspaceSize: unlimited
CompressedClassSpaceSize: 1.00 GB
Initial GC threshold: 21.00 MB
Current GC threshold: 35.00 MB
CDS: off
MetaspaceReclaimPolicy: balanced
 - commit_granule_bytes: 65536.
 - commit_granule_words: 8192.
 - virtual_space_node_default_size: 8388608.
 - enlarge_chunks_in_place: 1.
 - new_chunks_are_fully_committed: 0.
 - uncommit_free_chunks: 1.
 - use_allocation_guard: 0.
 - handle_deallocations: 1.


Internal statistics:

num_allocs_failed_limit: 3.
num_arena_births: 454.
num_arena_deaths: 14.
num_vsnodes_births: 2.
num_vsnodes_deaths: 0.
num_space_committed: 483.
num_space_uncommitted: 0.
num_chunks_returned_to_freelist: 17.
num_chunks_taken_from_freelist: 1376.
num_chunk_merges: 7.
num_chunk_splits: 892.
num_chunks_enlarged: 549.
num_inconsistent_stats: 0.

CodeHeap 'non-profiled nmethods': size=120000Kb used=1248Kb max_used=1248Kb free=118751Kb
 bounds [0x0000024307ad0000, 0x0000024307d40000, 0x000002430f000000]
CodeHeap 'profiled nmethods': size=120000Kb used=6013Kb max_used=6013Kb free=113986Kb
 bounds [0x0000024300000000, 0x00000243005e0000, 0x0000024307530000]
CodeHeap 'non-nmethods': size=5760Kb used=1238Kb max_used=1260Kb free=4522Kb
 bounds [0x0000024307530000, 0x00000243077a0000, 0x0000024307ad0000]
 total_blobs=3523 nmethods=2966 adapters=471
 compilation: enabled
              stopped_count=0, restarted_count=0
 full_count=0

Compilation events (20 events):
Event: 18.872 Thread 0x000002437e8a55a0 nmethod 2948 0x0000024307c02090 code [0x0000024307c02220, 0x0000024307c022c8]
Event: 18.872 Thread 0x000002437d611ea0 2949       3       org.eclipse.jdt.internal.core.JavaModelManager$VariablesAndContainersLoadHelper::loadString (108 bytes)
Event: 18.873 Thread 0x000002437d611ea0 nmethod 2949 0x00000243005d7190 code [0x00000243005d73a0, 0x00000243005d7b78]
Event: 18.874 Thread 0x000002437d611ea0 2950       3       org.eclipse.core.runtime.Path::<init> (77 bytes)
Event: 18.875 Thread 0x000002437d611ea0 nmethod 2950 0x00000243005d7e90 code [0x00000243005d8080, 0x00000243005d8448]
Event: 18.875 Thread 0x000002437d611ea0 2951       3       org.eclipse.core.runtime.Path::fromPortableString (175 bytes)
Event: 18.878 Thread 0x000002437d611ea0 nmethod 2951 0x00000243005d8690 code [0x00000243005d89e0, 0x00000243005d9d98]
Event: 18.878 Thread 0x000002437d611ea0 2954       3       org.eclipse.core.runtime.Path::computeSegmentCount (86 bytes)
Event: 18.878 Thread 0x000002437e8a55a0 2956       4       java.io.DataInputStream::readUTF (501 bytes)
Event: 18.880 Thread 0x000002437d611ea0 nmethod 2954 0x00000243005da590 code [0x00000243005da860, 0x00000243005db7f8]
Event: 18.880 Thread 0x000002437d611ea0 2953       3       org.eclipse.jdt.internal.core.JavaModelManager$VariablesAndContainersLoadHelper::loadAttribute (20 bytes)
Event: 18.880 Thread 0x000002437d611ea0 nmethod 2953 0x00000243005dbd90 code [0x00000243005dbf60, 0x00000243005dc218]
Event: 18.880 Thread 0x000002437d611ea0 2952       3       org.eclipse.jdt.internal.core.JavaModelManager$VariablesAndContainersLoadHelper::loadBoolean (8 bytes)
Event: 18.880 Thread 0x000002437d611ea0 nmethod 2952 0x00000243005dc390 code [0x00000243005dc560, 0x00000243005dc8b8]
Event: 18.880 Thread 0x000002437d611ea0 2955       3       org.eclipse.jdt.internal.core.ClasspathAttribute::<init> (15 bytes)
Event: 18.880 Thread 0x000002437d611ea0 nmethod 2955 0x00000243005dca10 code [0x00000243005dcba0, 0x00000243005dcd38]
Event: 18.905 Thread 0x000002437e8a55a0 nmethod 2956 0x0000024307c02390 code [0x0000024307c02580, 0x0000024307c03228]
Event: 18.905 Thread 0x000002437e8a55a0 2957       4       java.util.Properties::loadConvert (540 bytes)
Event: 18.907 Thread 0x000002437d611ea0 2958       3       java.util.concurrent.locks.AbstractQueuedSynchronizer::casTail (13 bytes)
Event: 18.907 Thread 0x000002437d611ea0 nmethod 2958 0x00000243005dce10 code [0x00000243005dcfa0, 0x00000243005dd0d8]

GC Heap History (14 events):
Event: 2.808 GC heap before
{Heap before GC invocations=1 (full 0):
 PSYoungGen      total 29696K, used 25600K [0x00000000eab00000, 0x00000000ecc00000, 0x0000000100000000)
  eden space 25600K, 100% used [0x00000000eab00000,0x00000000ec400000,0x00000000ec400000)
  from space 4096K, 0% used [0x00000000ec800000,0x00000000ec800000,0x00000000ecc00000)
  to   space 4096K, 0% used [0x00000000ec400000,0x00000000ec400000,0x00000000ec800000)
 ParOldGen       total 68608K, used 0K [0x00000000c0000000, 0x00000000c4300000, 0x00000000eab00000)
  object space 68608K, 0% used [0x00000000c0000000,0x00000000c0000000,0x00000000c4300000)
 Metaspace       used 11226K, committed 11392K, reserved 1114112K
  class space    used 1124K, committed 1216K, reserved 1048576K
}
Event: 2.829 GC heap after
{Heap after GC invocations=1 (full 0):
 PSYoungGen      total 29696K, used 3176K [0x00000000eab00000, 0x00000000ecc00000, 0x0000000100000000)
  eden space 25600K, 0% used [0x00000000eab00000,0x00000000eab00000,0x00000000ec400000)
  from space 4096K, 77% used [0x00000000ec400000,0x00000000ec71a3a8,0x00000000ec800000)
  to   space 4096K, 0% used [0x00000000ec800000,0x00000000ec800000,0x00000000ecc00000)
 ParOldGen       total 68608K, used 0K [0x00000000c0000000, 0x00000000c4300000, 0x00000000eab00000)
  object space 68608K, 0% used [0x00000000c0000000,0x00000000c0000000,0x00000000c4300000)
 Metaspace       used 11226K, committed 11392K, reserved 1114112K
  class space    used 1124K, committed 1216K, reserved 1048576K
}
Event: 10.485 GC heap before
{Heap before GC invocations=2 (full 0):
 PSYoungGen      total 29696K, used 28776K [0x00000000eab00000, 0x00000000ecc00000, 0x0000000100000000)
  eden space 25600K, 100% used [0x00000000eab00000,0x00000000ec400000,0x00000000ec400000)
  from space 4096K, 77% used [0x00000000ec400000,0x00000000ec71a3a8,0x00000000ec800000)
  to   space 4096K, 0% used [0x00000000ec800000,0x00000000ec800000,0x00000000ecc00000)
 ParOldGen       total 68608K, used 0K [0x00000000c0000000, 0x00000000c4300000, 0x00000000eab00000)
  object space 68608K, 0% used [0x00000000c0000000,0x00000000c0000000,0x00000000c4300000)
 Metaspace       used 15069K, committed 15360K, reserved 1114112K
  class space    used 1529K, committed 1664K, reserved 1048576K
}
Event: 10.493 GC heap after
{Heap after GC invocations=2 (full 0):
 PSYoungGen      total 29696K, used 4078K [0x00000000eab00000, 0x00000000ecc00000, 0x0000000100000000)
  eden space 25600K, 0% used [0x00000000eab00000,0x00000000eab00000,0x00000000ec400000)
  from space 4096K, 99% used [0x00000000ec800000,0x00000000ecbfb8a8,0x00000000ecc00000)
  to   space 4096K, 0% used [0x00000000ec400000,0x00000000ec400000,0x00000000ec800000)
 ParOldGen       total 68608K, used 1398K [0x00000000c0000000, 0x00000000c4300000, 0x00000000eab00000)
  object space 68608K, 2% used [0x00000000c0000000,0x00000000c015db70,0x00000000c4300000)
 Metaspace       used 15069K, committed 15360K, reserved 1114112K
  class space    used 1529K, committed 1664K, reserved 1048576K
}
Event: 11.898 GC heap before
{Heap before GC invocations=3 (full 0):
 PSYoungGen      total 29696K, used 29678K [0x00000000eab00000, 0x00000000ecc00000, 0x0000000100000000)
  eden space 25600K, 100% used [0x00000000eab00000,0x00000000ec400000,0x00000000ec400000)
  from space 4096K, 99% used [0x00000000ec800000,0x00000000ecbfb8a8,0x00000000ecc00000)
  to   space 4096K, 0% used [0x00000000ec400000,0x00000000ec400000,0x00000000ec800000)
 ParOldGen       total 68608K, used 1398K [0x00000000c0000000, 0x00000000c4300000, 0x00000000eab00000)
  object space 68608K, 2% used [0x00000000c0000000,0x00000000c015db70,0x00000000c4300000)
 Metaspace       used 20024K, committed 20480K, reserved 1114112K
  class space    used 2025K, committed 2240K, reserved 1048576K
}
Event: 11.906 GC heap after
{Heap after GC invocations=3 (full 0):
 PSYoungGen      total 29696K, used 4082K [0x00000000eab00000, 0x00000000ecc00000, 0x0000000100000000)
  eden space 25600K, 0% used [0x00000000eab00000,0x00000000eab00000,0x00000000ec400000)
  from space 4096K, 99% used [0x00000000ec400000,0x00000000ec7fcb60,0x00000000ec800000)
  to   space 4096K, 0% used [0x00000000ec800000,0x00000000ec800000,0x00000000ecc00000)
 ParOldGen       total 68608K, used 3709K [0x00000000c0000000, 0x00000000c4300000, 0x00000000eab00000)
  object space 68608K, 5% used [0x00000000c0000000,0x00000000c039f7d8,0x00000000c4300000)
 Metaspace       used 20024K, committed 20480K, reserved 1114112K
  class space    used 2025K, committed 2240K, reserved 1048576K
}
Event: 12.122 GC heap before
{Heap before GC invocations=4 (full 0):
 PSYoungGen      total 29696K, used 10174K [0x00000000eab00000, 0x00000000ecc00000, 0x0000000100000000)
  eden space 25600K, 23% used [0x00000000eab00000,0x00000000eb0f2ec8,0x00000000ec400000)
  from space 4096K, 99% used [0x00000000ec400000,0x00000000ec7fcb60,0x00000000ec800000)
  to   space 4096K, 0% used [0x00000000ec800000,0x00000000ec800000,0x00000000ecc00000)
 ParOldGen       total 68608K, used 3709K [0x00000000c0000000, 0x00000000c4300000, 0x00000000eab00000)
  object space 68608K, 5% used [0x00000000c0000000,0x00000000c039f7d8,0x00000000c4300000)
 Metaspace       used 21080K, committed 21504K, reserved 1114112K
  class space    used 2135K, committed 2304K, reserved 1048576K
}
Event: 12.126 GC heap after
{Heap after GC invocations=4 (full 0):
 PSYoungGen      total 29696K, used 4083K [0x00000000eab00000, 0x00000000ecc00000, 0x0000000100000000)
  eden space 25600K, 0% used [0x00000000eab00000,0x00000000eab00000,0x00000000ec400000)
  from space 4096K, 99% used [0x00000000ec800000,0x00000000ecbfcec8,0x00000000ecc00000)
  to   space 4096K, 0% used [0x00000000ec400000,0x00000000ec400000,0x00000000ec800000)
 ParOldGen       total 68608K, used 3965K [0x00000000c0000000, 0x00000000c4300000, 0x00000000eab00000)
  object space 68608K, 5% used [0x00000000c0000000,0x00000000c03df7d8,0x00000000c4300000)
 Metaspace       used 21080K, committed 21504K, reserved 1114112K
  class space    used 2135K, committed 2304K, reserved 1048576K
}
Event: 12.126 GC heap before
{Heap before GC invocations=5 (full 1):
 PSYoungGen      total 29696K, used 4083K [0x00000000eab00000, 0x00000000ecc00000, 0x0000000100000000)
  eden space 25600K, 0% used [0x00000000eab00000,0x00000000eab00000,0x00000000ec400000)
  from space 4096K, 99% used [0x00000000ec800000,0x00000000ecbfcec8,0x00000000ecc00000)
  to   space 4096K, 0% used [0x00000000ec400000,0x00000000ec400000,0x00000000ec800000)
 ParOldGen       total 68608K, used 3965K [0x00000000c0000000, 0x00000000c4300000, 0x00000000eab00000)
  object space 68608K, 5% used [0x00000000c0000000,0x00000000c03df7d8,0x00000000c4300000)
 Metaspace       used 21080K, committed 21504K, reserved 1114112K
  class space    used 2135K, committed 2304K, reserved 1048576K
}
Event: 12.158 GC heap after
{Heap after GC invocations=5 (full 1):
 PSYoungGen      total 29696K, used 0K [0x00000000eab00000, 0x00000000ecc00000, 0x0000000100000000)
  eden space 25600K, 0% used [0x00000000eab00000,0x00000000eab00000,0x00000000ec400000)
  from space 4096K, 0% used [0x00000000ec800000,0x00000000ec800000,0x00000000ecc00000)
  to   space 4096K, 0% used [0x00000000ec400000,0x00000000ec400000,0x00000000ec800000)
 ParOldGen       total 68608K, used 7897K [0x00000000c0000000, 0x00000000c4300000, 0x00000000eab00000)
  object space 68608K, 11% used [0x00000000c0000000,0x00000000c07b67b0,0x00000000c4300000)
 Metaspace       used 21067K, committed 21504K, reserved 1114112K
  class space    used 2132K, committed 2304K, reserved 1048576K
}
Event: 17.822 GC heap before
{Heap before GC invocations=6 (full 1):
 PSYoungGen      total 29696K, used 25600K [0x00000000eab00000, 0x00000000ecc00000, 0x0000000100000000)
  eden space 25600K, 100% used [0x00000000eab00000,0x00000000ec400000,0x00000000ec400000)
  from space 4096K, 0% used [0x00000000ec800000,0x00000000ec800000,0x00000000ecc00000)
  to   space 4096K, 0% used [0x00000000ec400000,0x00000000ec400000,0x00000000ec800000)
 ParOldGen       total 68608K, used 7897K [0x00000000c0000000, 0x00000000c4300000, 0x00000000eab00000)
  object space 68608K, 11% used [0x00000000c0000000,0x00000000c07b67b0,0x00000000c4300000)
 Metaspace       used 24210K, committed 24832K, reserved 1114112K
  class space    used 2533K, committed 2816K, reserved 1048576K
}
Event: 17.825 GC heap after
{Heap after GC invocations=6 (full 1):
 PSYoungGen      total 27648K, used 2156K [0x00000000eab00000, 0x00000000eca80000, 0x0000000100000000)
  eden space 25088K, 0% used [0x00000000eab00000,0x00000000eab00000,0x00000000ec380000)
  from space 2560K, 84% used [0x00000000ec400000,0x00000000ec61b0f0,0x00000000ec680000)
  to   space 3584K, 0% used [0x00000000ec700000,0x00000000ec700000,0x00000000eca80000)
 ParOldGen       total 68608K, used 7905K [0x00000000c0000000, 0x00000000c4300000, 0x00000000eab00000)
  object space 68608K, 11% used [0x00000000c0000000,0x00000000c07b87b0,0x00000000c4300000)
 Metaspace       used 24210K, committed 24832K, reserved 1114112K
  class space    used 2533K, committed 2816K, reserved 1048576K
}
Event: 18.416 GC heap before
{Heap before GC invocations=7 (full 1):
 PSYoungGen      total 27648K, used 27244K [0x00000000eab00000, 0x00000000eca80000, 0x0000000100000000)
  eden space 25088K, 100% used [0x00000000eab00000,0x00000000ec380000,0x00000000ec380000)
  from space 2560K, 84% used [0x00000000ec400000,0x00000000ec61b0f0,0x00000000ec680000)
  to   space 3584K, 0% used [0x00000000ec700000,0x00000000ec700000,0x00000000eca80000)
 ParOldGen       total 68608K, used 7905K [0x00000000c0000000, 0x00000000c4300000, 0x00000000eab00000)
  object space 68608K, 11% used [0x00000000c0000000,0x00000000c07b87b0,0x00000000c4300000)
 Metaspace       used 27450K, committed 28160K, reserved 1114112K
  class space    used 2766K, committed 3072K, reserved 1048576K
}
Event: 18.418 GC heap after
{Heap after GC invocations=7 (full 1):
 PSYoungGen      total 27648K, used 2902K [0x00000000eab00000, 0x00000000eca00000, 0x0000000100000000)
  eden space 24576K, 0% used [0x00000000eab00000,0x00000000eab00000,0x00000000ec300000)
  from space 3072K, 94% used [0x00000000ec700000,0x00000000ec9d58d0,0x00000000eca00000)
  to   space 3072K, 0% used [0x00000000ec400000,0x00000000ec400000,0x00000000ec700000)
 ParOldGen       total 68608K, used 7913K [0x00000000c0000000, 0x00000000c4300000, 0x00000000eab00000)
  object space 68608K, 11% used [0x00000000c0000000,0x00000000c07ba7b0,0x00000000c4300000)
 Metaspace       used 27450K, committed 28160K, reserved 1114112K
  class space    used 2766K, committed 3072K, reserved 1048576K
}

Dll operation events (9 events):
Event: 0.017 Loaded shared library c:\Users\MSI\.vscode\extensions\redhat.java-1.18.0-win32-x64\jre\17.0.7-win32-x86_64\bin\java.dll
Event: 0.439 Loaded shared library c:\Users\MSI\.vscode\extensions\redhat.java-1.18.0-win32-x64\jre\17.0.7-win32-x86_64\bin\zip.dll
Event: 0.448 Loaded shared library C:\Users\MSI\.vscode\extensions\redhat.java-1.18.0-win32-x64\jre\17.0.7-win32-x86_64\bin\instrument.dll
Event: 0.485 Loaded shared library C:\Users\MSI\.vscode\extensions\redhat.java-1.18.0-win32-x64\jre\17.0.7-win32-x86_64\bin\net.dll
Event: 0.490 Loaded shared library C:\Users\MSI\.vscode\extensions\redhat.java-1.18.0-win32-x64\jre\17.0.7-win32-x86_64\bin\nio.dll
Event: 0.498 Loaded shared library C:\Users\MSI\.vscode\extensions\redhat.java-1.18.0-win32-x64\jre\17.0.7-win32-x86_64\bin\zip.dll
Event: 0.525 Loaded shared library C:\Users\MSI\.vscode\extensions\redhat.java-1.18.0-win32-x64\jre\17.0.7-win32-x86_64\bin\jimage.dll
Event: 0.746 Loaded shared library c:\Users\MSI\.vscode\extensions\redhat.java-1.18.0-win32-x64\jre\17.0.7-win32-x86_64\bin\verify.dll
Event: 10.297 Loaded shared library C:\Users\MSI\AppData\Roaming\Code\User\globalStorage\redhat.java\1.18.0\config_win\org.eclipse.equinox.launcher\org.eclipse.equinox.launcher.win32.win32.x86_64_1.2.700.v20221108-1024\eclipse_11801.dll

Deoptimization events (20 events):
Event: 16.767 Thread 0x000002437dc4e820 DEOPT PACKING pc=0x00000243004a86d6 sp=0x000000f4e67f0520
Event: 16.767 Thread 0x000002437dc4e820 DEOPT UNPACKING pc=0x0000024307586e43 sp=0x000000f4e67ef9a8 mode 0
Event: 16.767 Thread 0x000002437dc4e820 DEOPT PACKING pc=0x00000243004a86d6 sp=0x000000f4e67f0520
Event: 16.767 Thread 0x000002437dc4e820 DEOPT UNPACKING pc=0x0000024307586e43 sp=0x000000f4e67ef9a8 mode 0
Event: 17.056 Thread 0x000002437dc4e820 DEOPT PACKING pc=0x0000024300156c9e sp=0x000000f4e67f2240
Event: 17.056 Thread 0x000002437dc4e820 DEOPT UNPACKING pc=0x0000024307586e43 sp=0x000000f4e67f1738 mode 0
Event: 17.560 Thread 0x000002437dc4e820 Uncommon trap: trap_request=0xffffffcc fr.pc=0x0000024307bcfb7c relative=0x000000000000035c
Event: 17.560 Thread 0x000002437dc4e820 Uncommon trap: reason=intrinsic_or_type_checked_inlining action=make_not_entrant pc=0x0000024307bcfb7c method=java.util.Arrays.copyOf([Ljava/lang/Object;ILjava/lang/Class;)[Ljava/lang/Object; @ 35 c2
Event: 17.560 Thread 0x000002437dc4e820 DEOPT PACKING pc=0x0000024307bcfb7c sp=0x000000f4e67f0d80
Event: 17.560 Thread 0x000002437dc4e820 DEOPT UNPACKING pc=0x00000243075866a3 sp=0x000000f4e67f0d10 mode 2
Event: 17.812 Thread 0x000002437dc4e820 DEOPT PACKING pc=0x0000024300156c9e sp=0x000000f4e67f4460
Event: 17.812 Thread 0x000002437dc4e820 DEOPT UNPACKING pc=0x0000024307586e43 sp=0x000000f4e67f3958 mode 0
Event: 18.219 Thread 0x000002437dc4e820 DEOPT PACKING pc=0x0000024300470e4e sp=0x000000f4e67f9350
Event: 18.219 Thread 0x000002437dc4e820 DEOPT UNPACKING pc=0x0000024307586e43 sp=0x000000f4e67f8860 mode 0
Event: 18.245 Thread 0x000002437dc4e820 DEOPT PACKING pc=0x0000024300470e4e sp=0x000000f4e67f9350
Event: 18.245 Thread 0x000002437dc4e820 DEOPT UNPACKING pc=0x0000024307586e43 sp=0x000000f4e67f8860 mode 0
Event: 18.870 Thread 0x000002437dc4e820 DEOPT PACKING pc=0x0000024300470e4e sp=0x000000f4e67f9aa0
Event: 18.870 Thread 0x000002437dc4e820 DEOPT UNPACKING pc=0x0000024307586e43 sp=0x000000f4e67f8fb0 mode 0
Event: 18.876 Thread 0x000002437dc4e820 DEOPT PACKING pc=0x0000024300470e4e sp=0x000000f4e67f9ae0
Event: 18.876 Thread 0x000002437dc4e820 DEOPT UNPACKING pc=0x0000024307586e43 sp=0x000000f4e67f8ff0 mode 0

Classes unloaded (7 events):
Event: 12.132 Thread 0x000002437c386000 Unloading class 0x000000010021a400 'java/lang/invoke/LambdaForm$MH+0x000000010021a400'
Event: 12.132 Thread 0x000002437c386000 Unloading class 0x000000010021a000 'java/lang/invoke/LambdaForm$MH+0x000000010021a000'
Event: 12.132 Thread 0x000002437c386000 Unloading class 0x0000000100219c00 'java/lang/invoke/LambdaForm$MH+0x0000000100219c00'
Event: 12.132 Thread 0x000002437c386000 Unloading class 0x0000000100219800 'java/lang/invoke/LambdaForm$MH+0x0000000100219800'
Event: 12.132 Thread 0x000002437c386000 Unloading class 0x0000000100219000 'java/lang/invoke/LambdaForm$BMH+0x0000000100219000'
Event: 12.132 Thread 0x000002437c386000 Unloading class 0x0000000100218c00 'java/lang/invoke/LambdaForm$DMH+0x0000000100218c00'
Event: 12.132 Thread 0x000002437c386000 Unloading class 0x0000000100216000 'java/lang/invoke/LambdaForm$DMH+0x0000000100216000'

Classes redefined (0 events):
No events

Internal exceptions (20 events):
Event: 17.559 Thread 0x000002437dc4e820 Exception <a 'java/lang/NoSuchMethodError'{0x00000000ebf9b978}: 'int java.lang.invoke.DirectMethodHandle$Holder.invokeVirtual(java.lang.Object, java.lang.Object, java.lang.Object)'> (0x00000000ebf9b978) 
thrown [s\src\hotspot\share\interpreter\linkResolver.cpp, line 759]
Event: 17.559 Thread 0x000002437dc4e820 Exception <a 'java/lang/NoSuchMethodError'{0x00000000ebfa0220}: 'int java.lang.invoke.DirectMethodHandle$Holder.invokeVirtual(java.lang.Object, java.lang.Object)'> (0x00000000ebfa0220) 
thrown [s\src\hotspot\share\interpreter\linkResolver.cpp, line 759]
Event: 17.560 Thread 0x000002437dc4e820 Exception <a 'java/lang/NoSuchMethodError'{0x00000000ebfa5428}: 'int java.lang.invoke.DirectMethodHandle$Holder.invokeStaticInit(java.lang.Object, int, int)'> (0x00000000ebfa5428) 
thrown [s\src\hotspot\share\interpreter\linkResolver.cpp, line 759]
Event: 17.563 Thread 0x000002437dc4e820 Exception <a 'java/lang/NoSuchMethodError'{0x00000000ebfadc08}: 'int java.lang.invoke.DirectMethodHandle$Holder.invokeStaticInit(java.lang.Object, long, long)'> (0x00000000ebfadc08) 
thrown [s\src\hotspot\share\interpreter\linkResolver.cpp, line 759]
Event: 17.564 Thread 0x000002437dc4e820 Exception <a 'java/lang/NoSuchMethodError'{0x00000000ebfb5c90}: 'int java.lang.invoke.DirectMethodHandle$Holder.invokeStaticInit(java.lang.Object, float, float)'> (0x00000000ebfb5c90) 
thrown [s\src\hotspot\share\interpreter\linkResolver.cpp, line 759]
Event: 17.565 Thread 0x000002437dc4e820 Exception <a 'java/lang/NoSuchMethodError'{0x00000000ebfc0a88}: 'int java.lang.invoke.DirectMethodHandle$Holder.invokeStaticInit(java.lang.Object, double, double)'> (0x00000000ebfc0a88) 
thrown [s\src\hotspot\share\interpreter\linkResolver.cpp, line 759]
Event: 17.568 Thread 0x000002437dc4e820 Exception <a 'java/lang/NoSuchMethodError'{0x00000000ebfc6080}: 'int java.lang.invoke.DirectMethodHandle$Holder.invokeStatic(java.lang.Object, long)'> (0x00000000ebfc6080) 
thrown [s\src\hotspot\share\interpreter\linkResolver.cpp, line 759]
Event: 17.580 Thread 0x000002437dc4e820 Exception <a 'java/lang/NoSuchMethodError'{0x00000000ebfee728}: 'int java.lang.invoke.Invokers$Holder.linkToTargetMethod(java.lang.Object, java.lang.Object)'> (0x00000000ebfee728) 
thrown [s\src\hotspot\share\interpreter\linkResolver.cpp, line 759]
Event: 17.634 Thread 0x000002437dc4e820 Exception <a 'java/lang/NoSuchMethodError'{0x00000000ec0c33f0}: 'java.lang.Object java.lang.invoke.DirectMethodHandle$Holder.invokeSpecial(java.lang.Object, java.lang.Object, java.lang.Object, java.lang.Object, java.lang.Object, java.lang.Object, java.lang.Object, java.lang.Object, java.lang.Object, java.lang.Object, java.lang.Object)'> (0x00000000ec0c33f0) 
thrown [s\src\hotspot\share\interpreter\linkResolver.cpp, line 759]
Event: 17.634 Thread 0x000002437dc4e820 Exception <a 'java/lang/NoSuchMethodError'{0x00000000ec0c8908}: 'java.lang.Object java.lang.invoke.Invokers$Holder.invoke_MT(java.lang.Object, java.lang.Object, java.lang.Object, java.lang.Object, java.lang.Object, java.lang.Object, java.lang.Object, java.lang.Object, java.lang.Object, java.lang.Object, java.lang.Object)'> (0x00000000ec0c8908) 
thrown [s\src\hotspot\share\interpreter\linkResolver.cpp, line 759]
Event: 17.648 Thread 0x000002437dc4e820 Exception <a 'java/lang/NoSuchMethodError'{0x00000000ec150788}: 'java.lang.Object java.lang.invoke.DirectMethodHandle$Holder.invokeSpecial(java.lang.Object, java.lang.Object, java.lang.Object, java.lang.Object, java.lang.Object, java.lang.Object, java.lang.Object, java.lang.Object, java.lang.Object, java.lang.Object)'> (0x00000000ec150788) 
thrown [s\src\hotspot\share\interpreter\linkResolver.cpp, line 759]
Event: 17.648 Thread 0x000002437dc4e820 Exception <a 'java/lang/NoSuchMethodError'{0x00000000ec1559d8}: 'java.lang.Object java.lang.invoke.Invokers$Holder.invoke_MT(java.lang.Object, java.lang.Object, java.lang.Object, java.lang.Object, java.lang.Object, java.lang.Object, java.lang.Object, java.lang.Object, java.lang.Object, java.lang.Object)'> (0x00000000ec1559d8) 
thrown [s\src\hotspot\share\interpreter\linkResolver.cpp, line 759]
Event: 17.710 Thread 0x000002437dc4e820 Exception <a 'java/lang/NoSuchMethodError'{0x00000000ec1f44a8}: 'java.lang.Object java.lang.invoke.DirectMethodHandle$Holder.newInvokeSpecial(java.lang.Object, java.lang.Object, java.lang.Object, java.lang.Object, java.lang.Object, java.lang.Object, java.lang.Object)'> (0x00000000ec1f44a8) 
thrown [s\src\hotspot\share\interpreter\linkResolver.cpp, line 759]
Event: 17.721 Thread 0x000002437dc4e820 Exception <a 'java/lang/NoSuchMethodError'{0x00000000ec264cb8}: 'java.lang.Object java.lang.invoke.DirectMethodHandle$Holder.invokeSpecial(java.lang.Object, java.lang.Object, java.lang.Object, java.lang.Object, java.lang.Object, java.lang.Object, java.lang.Object, java.lang.Object, java.lang.Object, java.lang.Object, java.lang.Object, java.lang.Object, java.lang.Object)'> (0x00000000ec264cb8) 
thrown [s\src\hotspot\share\interpreter\linkResolver.cpp, line 759]
Event: 17.721 Thread 0x000002437dc4e820 Exception <a 'java/lang/NoSuchMethodError'{0x00000000ec26a7e8}: 'java.lang.Object java.lang.invoke.Invokers$Holder.invoker(java.lang.Object, java.lang.Object, java.lang.Object, java.lang.Object, java.lang.Object, java.lang.Object, java.lang.Object, java.lang.Object, java.lang.Object, java.lang.Object, java.lang.Object, java.lang.Object, java.lang.Object)'> (0x00000000ec26a7e8) 
thrown [s\src\hotspot\share\interpreter\linkResolver.cpp, line 759]
Event: 17.722 Thread 0x000002437dc4e820 Exception <a 'java/lang/NoSuchMethodError'{0x00000000ec2714e8}: 'java.lang.Object java.lang.invoke.DirectMethodHandle$Holder.invokeSpecial(java.lang.Object, java.lang.Object, java.lang.Object, java.lang.Object, java.lang.Object, java.lang.Object, java.lang.Object, java.lang.Object, java.lang.Object, java.lang.Object, java.lang.Object, java.lang.Object, java.lang.Object, java.lang.Object)'> (0x00000000ec2714e8) 
thrown [s\src\hotspot\share\interpreter\linkResolver.cpp, line 759]
Event: 17.730 Thread 0x000002437dc4e820 Exception <a 'java/lang/NoSuchMethodError'{0x00000000ec2d0e70}: static Lorg/eclipse/m2e/core/internal/lifecyclemapping/model/PluginExecutionMetadata;.<clinit>()V> (0x00000000ec2d0e70) 
thrown [s\src\hotspot\share\prims\jni.cpp, line 1107]
Event: 17.739 Thread 0x000002437dc4e820 Exception <a 'java/lang/NoSuchMethodError'{0x00000000ec32a0b0}: static Lorg/eclipse/m2e/core/internal/lifecyclemapping/model/PluginExecutionFilter;.<clinit>()V> (0x00000000ec32a0b0) 
thrown [s\src\hotspot\share\prims\jni.cpp, line 1107]
Event: 17.809 Thread 0x000002437dc4e820 Exception <a 'java/lang/NoSuchMethodError'{0x00000000ec35d080}: static Lorg/eclipse/m2e/core/internal/project/registry/MavenProjectFacade$MavenProjectConfiguration;.<clinit>()V> (0x00000000ec35d080) 
thrown [s\src\hotspot\share\prims\jni.cpp, line 1107]
Event: 17.956 Thread 0x000002437e0aff70 Exception <a 'java/io/FileNotFoundException'{0x00000000eacd1618}> (0x00000000eacd1618) 
thrown [s\src\hotspot\share\prims\jni.cpp, line 516]

VM Operations (20 events):
Event: 11.802 Executing VM operation: HandshakeAllThreads
Event: 11.802 Executing VM operation: HandshakeAllThreads done
Event: 11.898 Executing VM operation: ParallelGCFailedAllocation
Event: 11.906 Executing VM operation: ParallelGCFailedAllocation done
Event: 12.122 Executing VM operation: CollectForMetadataAllocation
Event: 12.160 Executing VM operation: CollectForMetadataAllocation done
Event: 12.223 Executing VM operation: HandshakeAllThreads
Event: 12.223 Executing VM operation: HandshakeAllThreads done
Event: 13.223 Executing VM operation: Cleanup
Event: 13.223 Executing VM operation: Cleanup done
Event: 16.768 Executing VM operation: HandshakeAllThreads
Event: 16.768 Executing VM operation: HandshakeAllThreads done
Event: 17.527 Executing VM operation: HandshakeAllThreads
Event: 17.527 Executing VM operation: HandshakeAllThreads done
Event: 17.527 Executing VM operation: Cleanup
Event: 17.527 Executing VM operation: Cleanup done
Event: 17.822 Executing VM operation: ParallelGCFailedAllocation
Event: 17.825 Executing VM operation: ParallelGCFailedAllocation done
Event: 18.416 Executing VM operation: ParallelGCFailedAllocation
Event: 18.418 Executing VM operation: ParallelGCFailedAllocation done

Events (20 events):
Event: 18.059 loading class java/io/InterruptedIOException
Event: 18.059 loading class java/io/InterruptedIOException done
Event: 18.059 loading class java/net/SocketTimeoutException done
Event: 18.060 loading class java/net/SocketException
Event: 18.060 loading class java/net/SocketException done
Event: 18.060 loading class java/net/UnknownHostException
Event: 18.060 loading class java/net/UnknownHostException done
Event: 18.060 loading class java/net/ProtocolException
Event: 18.060 loading class java/net/ProtocolException done
Event: 18.110 loading class java/io/FileWriter
Event: 18.110 loading class java/io/FileWriter done
Event: 18.175 Thread 0x000002437de62390 Thread added: 0x000002437de62390
Event: 18.200 loading class java/lang/NegativeArraySizeException
Event: 18.200 loading class java/lang/NegativeArraySizeException done
Event: 18.390 Thread 0x000002437de62390 Thread exited: 0x000002437de62390
Event: 18.462 loading class java/lang/invoke/MethodHandle$1
Event: 18.462 loading class java/lang/invoke/MethodHandle$1 done
Event: 18.783 Thread 0x000002437e8a55a0 Thread added: 0x000002437e8a55a0
Event: 18.864 loading class org/w3c/dom/DOMException
Event: 18.864 loading class org/w3c/dom/DOMException done


Dynamic libraries:
0x00007ff659090000 - 0x00007ff65909e000 	c:\Users\MSI\.vscode\extensions\redhat.java-1.18.0-win32-x64\jre\17.0.7-win32-x86_64\bin\java.exe
0x00007ff910650000 - 0x00007ff910848000 	C:\Windows\SYSTEM32\ntdll.dll
0x00007ff90f090000 - 0x00007ff90f14f000 	C:\Windows\System32\KERNEL32.DLL
0x00007ff90e0f0000 - 0x00007ff90e3e6000 	C:\Windows\System32\KERNELBASE.dll
0x00007ff90dd80000 - 0x00007ff90de80000 	C:\Windows\System32\ucrtbase.dll
0x00007ff904fd0000 - 0x00007ff904fe7000 	c:\Users\MSI\.vscode\extensions\redhat.java-1.18.0-win32-x64\jre\17.0.7-win32-x86_64\bin\jli.dll
0x00007ff90f360000 - 0x00007ff90f4fd000 	C:\Windows\System32\USER32.dll
0x00007ff90deb0000 - 0x00007ff90ded2000 	C:\Windows\System32\win32u.dll
0x00007ff90f330000 - 0x00007ff90f35c000 	C:\Windows\System32\GDI32.dll
0x00007ff90e460000 - 0x00007ff90e575000 	C:\Windows\System32\gdi32full.dll
0x00007ff90e580000 - 0x00007ff90e61d000 	C:\Windows\System32\msvcp_win.dll
0x00007ff906a90000 - 0x00007ff906aa9000 	c:\Users\MSI\.vscode\extensions\redhat.java-1.18.0-win32-x64\jre\17.0.7-win32-x86_64\bin\VCRUNTIME140.dll
0x00007ff8f37c0000 - 0x00007ff8f3a5a000 	C:\Windows\WinSxS\amd64_microsoft.windows.common-controls_6595b64144ccf1df_6.0.19041.1110_none_60b5254171f9507e\COMCTL32.dll
0x00007ff90e6b0000 - 0x00007ff90e74e000 	C:\Windows\System32\msvcrt.dll
0x00007ff90ede0000 - 0x00007ff90ee10000 	C:\Windows\System32\IMM32.DLL
0x00007ff9091c0000 - 0x00007ff9091cc000 	c:\Users\MSI\.vscode\extensions\redhat.java-1.18.0-win32-x64\jre\17.0.7-win32-x86_64\bin\vcruntime140_1.dll
0x00007ff8cdd20000 - 0x00007ff8cddb1000 	c:\Users\MSI\.vscode\extensions\redhat.java-1.18.0-win32-x64\jre\17.0.7-win32-x86_64\bin\msvcp140.dll
0x00007ff8a1400000 - 0x00007ff8a2048000 	c:\Users\MSI\.vscode\extensions\redhat.java-1.18.0-win32-x64\jre\17.0.7-win32-x86_64\bin\server\jvm.dll
0x00007ff90f280000 - 0x00007ff90f32f000 	C:\Windows\System32\ADVAPI32.dll
0x00007ff9100a0000 - 0x00007ff91013c000 	C:\Windows\System32\sechost.dll
0x00007ff90f150000 - 0x00007ff90f276000 	C:\Windows\System32\RPCRT4.dll
0x00007ff8f8070000 - 0x00007ff8f8079000 	C:\Windows\SYSTEM32\WSOCK32.dll
0x00007ff90ee70000 - 0x00007ff90eedb000 	C:\Windows\System32\WS2_32.dll
0x00007ff901590000 - 0x00007ff9015b7000 	C:\Windows\SYSTEM32\WINMM.dll
0x00007ff907e30000 - 0x00007ff907e3a000 	C:\Windows\SYSTEM32\VERSION.dll
0x00007ff90bdd0000 - 0x00007ff90bde2000 	C:\Windows\SYSTEM32\kernel.appcore.dll
0x00007ff907eb0000 - 0x00007ff907eba000 	c:\Users\MSI\.vscode\extensions\redhat.java-1.18.0-win32-x64\jre\17.0.7-win32-x86_64\bin\jimage.dll
0x00007ff8f78a0000 - 0x00007ff8f7a84000 	C:\Windows\SYSTEM32\DBGHELP.DLL
0x00007ff8f69e0000 - 0x00007ff8f6a14000 	C:\Windows\SYSTEM32\dbgcore.DLL
0x00007ff90e620000 - 0x00007ff90e6a2000 	C:\Windows\System32\bcryptPrimitives.dll
0x00007ff906e60000 - 0x00007ff906e6e000 	c:\Users\MSI\.vscode\extensions\redhat.java-1.18.0-win32-x64\jre\17.0.7-win32-x86_64\bin\instrument.dll
0x00007ff8fdf20000 - 0x00007ff8fdf45000 	c:\Users\MSI\.vscode\extensions\redhat.java-1.18.0-win32-x64\jre\17.0.7-win32-x86_64\bin\java.dll
0x00007ff906b70000 - 0x00007ff906b88000 	c:\Users\MSI\.vscode\extensions\redhat.java-1.18.0-win32-x64\jre\17.0.7-win32-x86_64\bin\zip.dll
0x00007ff90f880000 - 0x00007ff90ffc4000 	C:\Windows\System32\SHELL32.dll
0x00007ff90bdf0000 - 0x00007ff90c583000 	C:\Windows\SYSTEM32\windows.storage.dll
0x00007ff90e920000 - 0x00007ff90ec74000 	C:\Windows\System32\combase.dll
0x00007ff90d790000 - 0x00007ff90d7be000 	C:\Windows\SYSTEM32\Wldp.dll
0x00007ff90f500000 - 0x00007ff90f5ad000 	C:\Windows\System32\SHCORE.dll
0x00007ff90e800000 - 0x00007ff90e855000 	C:\Windows\System32\shlwapi.dll
0x00007ff90dc70000 - 0x00007ff90dc8f000 	C:\Windows\SYSTEM32\profapi.dll
0x00007ff902850000 - 0x00007ff902869000 	C:\Users\MSI\.vscode\extensions\redhat.java-1.18.0-win32-x64\jre\17.0.7-win32-x86_64\bin\net.dll
0x00007ff9050b0000 - 0x00007ff9051ba000 	C:\Windows\SYSTEM32\WINHTTP.dll
0x00007ff90d4f0000 - 0x00007ff90d55a000 	C:\Windows\system32\mswsock.dll
0x00007ff8fdfa0000 - 0x00007ff8fdfb5000 	C:\Users\MSI\.vscode\extensions\redhat.java-1.18.0-win32-x64\jre\17.0.7-win32-x86_64\bin\nio.dll
0x00007ff906df0000 - 0x00007ff906e00000 	c:\Users\MSI\.vscode\extensions\redhat.java-1.18.0-win32-x64\jre\17.0.7-win32-x86_64\bin\verify.dll
0x00007ff8e67c0000 - 0x00007ff8e67fe000 	C:\Users\MSI\AppData\Roaming\Code\User\globalStorage\redhat.java\1.18.0\config_win\org.eclipse.equinox.launcher\org.eclipse.equinox.launcher.win32.win32.x86_64_1.2.700.v20221108-1024\eclipse_11801.dll
0x00007ff90f5b0000 - 0x00007ff90f6da000 	C:\Windows\System32\ole32.dll

dbghelp: loaded successfully - version: 4.0.5 - missing functions: none
symbol engine: initialized successfully - sym options: 0x614 - pdb path: .;c:\Users\MSI\.vscode\extensions\redhat.java-1.18.0-win32-x64\jre\17.0.7-win32-x86_64\bin;C:\Windows\SYSTEM32;C:\Windows\WinSxS\amd64_microsoft.windows.common-controls_6595b64144ccf1df_6.0.19041.1110_none_60b5254171f9507e;c:\Users\MSI\.vscode\extensions\redhat.java-1.18.0-win32-x64\jre\17.0.7-win32-x86_64\bin\server;C:\Users\MSI\AppData\Roaming\Code\User\globalStorage\redhat.java\1.18.0\config_win\org.eclipse.equinox.launcher\org.eclipse.equinox.launcher.win32.win32.x86_64_1.2.700.v20221108-1024

VM Arguments:
jvm_args: --add-modules=ALL-SYSTEM --add-opens=java.base/java.util=ALL-UNNAMED --add-opens=java.base/java.lang=ALL-UNNAMED --add-opens=java.base/sun.nio.fs=ALL-UNNAMED -Declipse.application=org.eclipse.jdt.ls.core.id1 -Dosgi.bundles.defaultStartLevel=4 -Declipse.product=org.eclipse.jdt.ls.core.product -Djava.import.generatesMetadataFilesAtProjectRoot=false -Dfile.encoding=utf8 -XX:+UseParallelGC -XX:GCTimeRatio=4 -XX:AdaptiveSizePolicyWeight=90 -Dsun.zip.disableMemoryMapping=true -Xmx1G -Xms100m -Xlog:disable -javaagent:c:\Users\MSI\.vscode\extensions\redhat.java-1.18.0-win32-x64\lombok\lombok-1.18.27.jar -XX:+HeapDumpOnOutOfMemoryError -XX:HeapDumpPath=c:\Users\MSI\AppData\Roaming\Code\User\workspaceStorage\47fe837146d984642ddc4ce788c43c99\redhat.java -Daether.dependencyCollector.impl=bf 
java_command: c:\Users\MSI\.vscode\extensions\redhat.java-1.18.0-win32-x64\server\plugins\org.eclipse.equinox.launcher_1.6.400.v20210924-0641.jar -configuration c:\Users\MSI\AppData\Roaming\Code\User\globalStorage\redhat.java\1.18.0\config_win -data c:\Users\MSI\AppData\Roaming\Code\User\workspaceStorage\47fe837146d984642ddc4ce788c43c99\redhat.java\jdt_ws
java_class_path (initial): c:\Users\MSI\.vscode\extensions\redhat.java-1.18.0-win32-x64\server\plugins\org.eclipse.equinox.launcher_1.6.400.v20210924-0641.jar
Launcher Type: SUN_STANDARD

[Global flags]
    uintx AdaptiveSizePolicyWeight                 = 90                                        {product} {command line}
     intx CICompilerCount                          = 3                                         {product} {ergonomic}
    uintx GCTimeRatio                              = 4                                         {product} {command line}
     bool HeapDumpOnOutOfMemoryError               = true                                   {manageable} {command line}
    ccstr HeapDumpPath                             = c:\Users\MSI\AppData\Roaming\Code\User\workspaceStorage\47fe837146d984642ddc4ce788c43c99\redhat.java         {manageable} {command line}
   size_t InitialHeapSize                          = 104857600                                 {product} {command line}
   size_t MaxHeapSize                              = 1073741824                                {product} {command line}
   size_t MaxNewSize                               = 357564416                                 {product} {ergonomic}
   size_t MinHeapDeltaBytes                        = 524288                                    {product} {ergonomic}
   size_t MinHeapSize                              = 104857600                                 {product} {command line}
   size_t NewSize                                  = 34603008                                  {product} {ergonomic}
    uintx NonNMethodCodeHeapSize                   = 5832780                                {pd product} {ergonomic}
    uintx NonProfiledCodeHeapSize                  = 122912730                              {pd product} {ergonomic}
   size_t OldSize                                  = 70254592                                  {product} {ergonomic}
    uintx ProfiledCodeHeapSize                     = 122912730                              {pd product} {ergonomic}
    uintx ReservedCodeCacheSize                    = 251658240                              {pd product} {ergonomic}
     bool SegmentedCodeCache                       = true                                      {product} {ergonomic}
   size_t SoftMaxHeapSize                          = 1073741824                             {manageable} {ergonomic}
     bool UseCompressedClassPointers               = true                           {product lp64_product} {ergonomic}
     bool UseCompressedOops                        = true                           {product lp64_product} {ergonomic}
     bool UseLargePagesIndividualAllocation        = false                                  {pd product} {ergonomic}
     bool UseParallelGC                            = true                                      {product} {command line}

Logging:
Log output configuration:
 #0: stdout all=off uptime,level,tags
 #1: stderr all=off uptime,level,tags

Environment Variables:
JAVA_HOME=C:\Users\MSI\AppData\Local\Programs\Eclipse Adoptium\jdk-17.0.6.10-hotspot\
PATH=C:\Program Files (x86)\NVIDIA Corporation\PhysX\Common;C:\Windows\system32;C:\Windows;C:\Windows\System32\Wbem;C:\Windows\System32\WindowsPowerShell\v1.0\;C:\Windows\System32\OpenSSH\;C:\Program Files\Git\cmd;C:\Program Files\nodejs\;C:\Program Files\MySQL\MySQL Shell 8.0\bin;C:\Program Files\MySQL\MySQL Server 8.0\bin;C:\Program Files\MySQL\MySQL Shell 8.0\bin\;C:\Users\MSI\AppData\Local\Programs\Eclipse Adoptium\jdk-17.0.6.10-hotspot\bin;C:\Users\MSI\AppData\Local\Microsoft\WindowsApps;C:\Users\MSI\AppData\Local\Programs\Microsoft VS Code\bin;C:\Program Files\JetBrains\IntelliJ IDEA Community Edition 2022.3.2\bin;;C:\Users\MSI\AppData\Roaming\npm
USERNAME=MSI
OS=Windows_NT
PROCESSOR_IDENTIFIER=Intel64 Family 6 Model 94 Stepping 3, GenuineIntel
TMP=C:\Users\MSI\AppData\Local\Temp
TEMP=C:\Users\MSI\AppData\Local\Temp



---------------  S Y S T E M  ---------------

OS:
 Windows 10 , 64 bit Build 19041 (10.0.19041.2913)
OS uptime: 5 days 17:06 hours

CPU: total 4 (initial active 4) (4 cores per cpu, 1 threads per core) family 6 model 94 stepping 3 microcode 0xcc, cx8, cmov, fxsr, mmx, 3dnowpref, sse, sse2, sse3, ssse3, sse4.1, sse4.2, popcnt, lzcnt, tsc, tscinvbit, avx, avx2, aes, erms, clmul, bmi1, bmi2, rtm, adx, fma, vzeroupper, clflush, clflushopt

Memory: 4k page, system-wide physical 8100M (396M free)
TotalPageFile size 16264M (AvailPageFile size 1M)
current process WorkingSet (physical memory assigned to process): 135M, peak: 136M
current process commit charge ("private bytes"): 230M, peak: 230M

vm_info: OpenJDK 64-Bit Server VM (17.0.7+7) for windows-amd64 JRE (17.0.7+7), built on Apr 18 2023 22:10:42 by "temurin" with MS VC++ 16.7 (VS2019)

END.
